{"C:\\Users\\my359\\Desktop\\challenge3 virtual promt war\\src\\App.jsx": {"path":"C:\\Users\\my359\\Desktop\\challenge3 virtual promt war\\src\\App.jsx","statementMap":{"0":{"start":{"line":15,"column":14},"end":{"line":23,"column":null}},"1":{"start":{"line":26,"column":22},"end":{"line":26,"column":null}},"2":{"start":{"line":27,"column":22},"end":{"line":27,"column":null}},"3":{"start":{"line":28,"column":18},"end":{"line":28,"column":null}},"4":{"start":{"line":29,"column":25},"end":{"line":29,"column":null}},"5":{"start":{"line":30,"column":17},"end":{"line":30,"column":null}},"6":{"start":{"line":31,"column":16},"end":{"line":31,"column":null}},"7":{"start":{"line":33,"column":2},"end":{"line":41,"column":null}},"8":{"start":{"line":34,"column":10},"end":{"line":34,"column":null}},"9":{"start":{"line":35,"column":4},"end":{"line":40,"column":null}},"10":{"start":{"line":36,"column":6},"end":{"line":36,"column":null}},"11":{"start":{"line":37,"column":6},"end":{"line":37,"column":null}},"12":{"start":{"line":39,"column":6},"end":{"line":39,"column":null}},"13":{"start":{"line":43,"column":2},"end":{"line":45,"column":null}},"14":{"start":{"line":44,"column":4},"end":{"line":44,"column":null}},"15":{"start":{"line":47,"column":8},"end":{"line":53,"column":null}},"16":{"start":{"line":48,"column":15},"end":{"line":48,"column":null}},"17":{"start":{"line":49,"column":4},"end":{"line":49,"column":null}},"18":{"start":{"line":49,"column":24},"end":{"line":49,"column":51}},"19":{"start":{"line":50,"column":4},"end":{"line":52,"column":null}},"20":{"start":{"line":51,"column":6},"end":{"line":51,"column":null}},"21":{"start":{"line":51,"column":26},"end":{"line":51,"column":57}},"22":{"start":{"line":51,"column":45},"end":{"line":51,"column":56}},"23":{"start":{"line":55,"column":8},"end":{"line":57,"column":null}},"24":{"start":{"line":56,"column":4},"end":{"line":56,"column":null}},"25":{"start":{"line":56,"column":24},"end":{"line":56,"column":55}},"26":{"start":{"line":56,"column":43},"end":{"line":56,"column":54}},"27":{"start":{"line":59,"column":8},"end":{"line":69,"column":null}},"28":{"start":{"line":60,"column":4},"end":{"line":60,"column":null}},"29":{"start":{"line":61,"column":4},"end":{"line":61,"column":null}},"30":{"start":{"line":62,"column":4},"end":{"line":62,"column":null}},"31":{"start":{"line":63,"column":4},"end":{"line":63,"column":null}},"32":{"start":{"line":64,"column":4},"end":{"line":68,"column":null}},"33":{"start":{"line":71,"column":8},"end":{"line":75,"column":null}},"34":{"start":{"line":72,"column":4},"end":{"line":72,"column":null}},"35":{"start":{"line":73,"column":4},"end":{"line":73,"column":null}},"36":{"start":{"line":74,"column":4},"end":{"line":74,"column":null}},"37":{"start":{"line":77,"column":8},"end":{"line":85,"column":null}},"38":{"start":{"line":78,"column":21},"end":{"line":78,"column":null}},"39":{"start":{"line":79,"column":4},"end":{"line":79,"column":null}},"40":{"start":{"line":80,"column":4},"end":{"line":84,"column":null}},"41":{"start":{"line":81,"column":29},"end":{"line":81,"column":null}},"42":{"start":{"line":82,"column":6},"end":{"line":82,"column":null}},"43":{"start":{"line":83,"column":6},"end":{"line":83,"column":null}},"44":{"start":{"line":87,"column":8},"end":{"line":90,"column":null}},"45":{"start":{"line":88,"column":4},"end":{"line":88,"column":null}},"46":{"start":{"line":89,"column":4},"end":{"line":89,"column":null}},"47":{"start":{"line":92,"column":2},"end":{"line":94,"column":null}},"48":{"start":{"line":93,"column":4},"end":{"line":93,"column":null}},"49":{"start":{"line":96,"column":24},"end":{"line":96,"column":null}},"50":{"start":{"line":98,"column":2},"end":{"line":133,"column":null}},"51":{"start":{"line":105,"column":23},"end":{"line":105,"column":null}},"52":{"start":{"line":112,"column":23},"end":{"line":112,"column":null}},"53":{"start":{"line":118,"column":27},"end":{"line":118,"column":null}}},"fnMap":{"0":{"name":"App","decl":{"start":{"line":25,"column":24},"end":{"line":25,"column":30}},"loc":{"start":{"line":25,"column":30},"end":{"line":135,"column":null}},"line":25},"1":{"name":"(anonymous_1)","decl":{"start":{"line":33,"column":2},"end":{"line":33,"column":18}},"loc":{"start":{"line":33,"column":18},"end":{"line":41,"column":5}},"line":33},"2":{"name":"(anonymous_2)","decl":{"start":{"line":43,"column":2},"end":{"line":43,"column":18}},"loc":{"start":{"line":43,"column":18},"end":{"line":45,"column":5}},"line":43},"3":{"name":"(anonymous_3)","decl":{"start":{"line":47,"column":19},"end":{"line":47,"column":32}},"loc":{"start":{"line":47,"column":42},"end":{"line":53,"column":5}},"line":47},"4":{"name":"(anonymous_4)","decl":{"start":{"line":49,"column":4},"end":{"line":49,"column":15}},"loc":{"start":{"line":49,"column":24},"end":{"line":49,"column":51}},"line":49},"5":{"name":"(anonymous_5)","decl":{"start":{"line":50,"column":4},"end":{"line":50,"column":21}},"loc":{"start":{"line":50,"column":21},"end":{"line":52,"column":7}},"line":50},"6":{"name":"(anonymous_6)","decl":{"start":{"line":51,"column":6},"end":{"line":51,"column":17}},"loc":{"start":{"line":51,"column":26},"end":{"line":51,"column":57}},"line":51},"7":{"name":"(anonymous_7)","decl":{"start":{"line":51,"column":31},"end":{"line":51,"column":39}},"loc":{"start":{"line":51,"column":45},"end":{"line":51,"column":56}},"line":51},"8":{"name":"(anonymous_8)","decl":{"start":{"line":55,"column":22},"end":{"line":55,"column":35}},"loc":{"start":{"line":55,"column":42},"end":{"line":57,"column":5}},"line":55},"9":{"name":"(anonymous_9)","decl":{"start":{"line":56,"column":4},"end":{"line":56,"column":15}},"loc":{"start":{"line":56,"column":24},"end":{"line":56,"column":55}},"line":56},"10":{"name":"(anonymous_10)","decl":{"start":{"line":56,"column":29},"end":{"line":56,"column":37}},"loc":{"start":{"line":56,"column":43},"end":{"line":56,"column":54}},"line":56},"11":{"name":"(anonymous_11)","decl":{"start":{"line":59,"column":8},"end":{"line":59,"column":36}},"loc":{"start":{"line":59,"column":51},"end":{"line":69,"column":null}},"line":59},"12":{"name":"(anonymous_12)","decl":{"start":{"line":71,"column":8},"end":{"line":71,"column":31}},"loc":{"start":{"line":71,"column":50},"end":{"line":75,"column":null}},"line":71},"13":{"name":"(anonymous_13)","decl":{"start":{"line":77,"column":8},"end":{"line":77,"column":34}},"loc":{"start":{"line":77,"column":34},"end":{"line":85,"column":null}},"line":77},"14":{"name":"(anonymous_14)","decl":{"start":{"line":87,"column":8},"end":{"line":87,"column":22}},"loc":{"start":{"line":87,"column":31},"end":{"line":90,"column":null}},"line":87},"15":{"name":"(anonymous_15)","decl":{"start":{"line":105,"column":8},"end":{"line":105,"column":23}},"loc":{"start":{"line":105,"column":23},"end":{"line":105,"column":null}},"line":105},"16":{"name":"(anonymous_16)","decl":{"start":{"line":112,"column":8},"end":{"line":112,"column":23}},"loc":{"start":{"line":112,"column":23},"end":{"line":112,"column":null}},"line":112},"17":{"name":"(anonymous_17)","decl":{"start":{"line":118,"column":8},"end":{"line":118,"column":27}},"loc":{"start":{"line":118,"column":27},"end":{"line":118,"column":null}},"line":118}},"branchMap":{"0":{"loc":{"start":{"line":35,"column":4},"end":{"line":40,"column":null}},"type":"if","locations":[{"start":{"line":35,"column":4},"end":{"line":40,"column":null}},{"start":{"line":38,"column":11},"end":{"line":40,"column":null}}],"line":35},"1":{"loc":{"start":{"line":37,"column":15},"end":{"line":37,"column":36}},"type":"binary-expr","locations":[{"start":{"line":37,"column":15},"end":{"line":37,"column":30}},{"start":{"line":37,"column":30},"end":{"line":37,"column":36}}],"line":37},"2":{"loc":{"start":{"line":62,"column":13},"end":{"line":62,"column":39}},"type":"binary-expr","locations":[{"start":{"line":62,"column":13},"end":{"line":62,"column":33}},{"start":{"line":62,"column":33},"end":{"line":62,"column":39}}],"line":62},"3":{"loc":{"start":{"line":74,"column":13},"end":{"line":74,"column":43}},"type":"binary-expr","locations":[{"start":{"line":74,"column":13},"end":{"line":74,"column":37}},{"start":{"line":74,"column":37},"end":{"line":74,"column":43}}],"line":74},"4":{"loc":{"start":{"line":78,"column":21},"end":{"line":78,"column":null}},"type":"cond-expr","locations":[{"start":{"line":78,"column":40},"end":{"line":78,"column":50}},{"start":{"line":78,"column":50},"end":{"line":78,"column":null}}],"line":78},"5":{"loc":{"start":{"line":80,"column":4},"end":{"line":84,"column":null}},"type":"if","locations":[{"start":{"line":80,"column":4},"end":{"line":84,"column":null}},{"start":{},"end":{}}],"line":80},"6":{"loc":{"start":{"line":92,"column":2},"end":{"line":94,"column":null}},"type":"if","locations":[{"start":{"line":92,"column":2},"end":{"line":94,"column":null}},{"start":{},"end":{}}],"line":92},"7":{"loc":{"start":{"line":96,"column":24},"end":{"line":96,"column":null}},"type":"binary-expr","locations":[{"start":{"line":96,"column":24},"end":{"line":96,"column":57}},{"start":{"line":96,"column":57},"end":{"line":96,"column":null}}],"line":96},"8":{"loc":{"start":{"line":111,"column":38},"end":{"line":111,"column":null}},"type":"cond-expr","locations":[{"start":{"line":111,"column":52},"end":{"line":111,"column":64}},{"start":{"line":111,"column":64},"end":{"line":111,"column":null}}],"line":111},"9":{"loc":{"start":{"line":117,"column":15},"end":{"line":117,"column":null}},"type":"binary-expr","locations":[{"start":{"line":117,"column":15},"end":{"line":117,"column":44}},{"start":{"line":117,"column":44},"end":{"line":117,"column":null}}],"line":117}},"s":{"0":0,"1":0,"2":0,"3":0,"4":0,"5":0,"6":0,"7":0,"8":0,"9":0,"10":0,"11":0,"12":0,"13":0,"14":0,"15":0,"16":0,"17":0,"18":0,"19":0,"20":0,"21":0,"22":0,"23":0,"24":0,"25":0,"26":0,"27":0,"28":0,"29":0,"30":0,"31":0,"32":0,"33":0,"34":0,"35":0,"36":0,"37":0,"38":0,"39":0,"40":0,"41":0,"42":0,"43":0,"44":0,"45":0,"46":0,"47":0,"48":0,"49":0,"50":0,"51":0,"52":0,"53":0},"f":{"0":0,"1":0,"2":0,"3":0,"4":0,"5":0,"6":0,"7":0,"8":0,"9":0,"10":0,"11":0,"12":0,"13":0,"14":0,"15":0,"16":0,"17":0},"b":{"0":[0,0],"1":[0,0],"2":[0,0],"3":[0,0],"4":[0,0],"5":[0,0],"6":[0,0],"7":[0,0],"8":[0,0],"9":[0,0]},"meta":{"lastBranch":10,"lastFunction":18,"lastStatement":54,"seen":{"s:15:14:23:Infinity":0,"f:25:24:25:30":0,"s:26:22:26:Infinity":1,"s:27:22:27:Infinity":2,"s:28:18:28:Infinity":3,"s:29:25:29:Infinity":4,"s:30:17:30:Infinity":5,"s:31:16:31:Infinity":6,"s:33:2:41:Infinity":7,"f:33:2:33:18":1,"s:34:10:34:Infinity":8,"b:35:4:40:Infinity:38:11:40:Infinity":0,"s:35:4:40:Infinity":9,"s:36:6:36:Infinity":10,"s:37:6:37:Infinity":11,"b:37:15:37:30:37:30:37:36":1,"s:39:6:39:Infinity":12,"s:43:2:45:Infinity":13,"f:43:2:43:18":2,"s:44:4:44:Infinity":14,"s:47:8:53:Infinity":15,"f:47:19:47:32":3,"s:48:15:48:Infinity":16,"s:49:4:49:Infinity":17,"f:49:4:49:15":4,"s:49:24:49:51":18,"s:50:4:52:Infinity":19,"f:50:4:50:21":5,"s:51:6:51:Infinity":20,"f:51:6:51:17":6,"s:51:26:51:57":21,"f:51:31:51:39":7,"s:51:45:51:56":22,"s:55:8:57:Infinity":23,"f:55:22:55:35":8,"s:56:4:56:Infinity":24,"f:56:4:56:15":9,"s:56:24:56:55":25,"f:56:29:56:37":10,"s:56:43:56:54":26,"s:59:8:69:Infinity":27,"f:59:8:59:36":11,"s:60:4:60:Infinity":28,"s:61:4:61:Infinity":29,"s:62:4:62:Infinity":30,"b:62:13:62:33:62:33:62:39":2,"s:63:4:63:Infinity":31,"s:64:4:68:Infinity":32,"s:71:8:75:Infinity":33,"f:71:8:71:31":12,"s:72:4:72:Infinity":34,"s:73:4:73:Infinity":35,"s:74:4:74:Infinity":36,"b:74:13:74:37:74:37:74:43":3,"s:77:8:85:Infinity":37,"f:77:8:77:34":13,"s:78:21:78:Infinity":38,"b:78:40:78:50:78:50:78:Infinity":4,"s:79:4:79:Infinity":39,"b:80:4:84:Infinity:undefined:undefined:undefined:undefined":5,"s:80:4:84:Infinity":40,"s:81:29:81:Infinity":41,"s:82:6:82:Infinity":42,"s:83:6:83:Infinity":43,"s:87:8:90:Infinity":44,"f:87:8:87:22":14,"s:88:4:88:Infinity":45,"s:89:4:89:Infinity":46,"b:92:2:94:Infinity:undefined:undefined:undefined:undefined":6,"s:92:2:94:Infinity":47,"s:93:4:93:Infinity":48,"s:96:24:96:Infinity":49,"b:96:24:96:57:96:57:96:Infinity":7,"s:98:2:133:Infinity":50,"f:105:8:105:23":15,"s:105:23:105:Infinity":51,"b:111:52:111:64:111:64:111:Infinity":8,"f:112:8:112:23":16,"s:112:23:112:Infinity":52,"b:117:15:117:44:117:44:117:Infinity":9,"f:118:8:118:27":17,"s:118:27:118:Infinity":53},"fnNames":{}}}
,"C:\\Users\\my359\\Desktop\\challenge3 virtual promt war\\src\\components\\Charts.jsx": {"path":"C:\\Users\\my359\\Desktop\\challenge3 virtual promt war\\src\\components\\Charts.jsx","statementMap":{"0":{"start":{"line":7,"column":23},"end":{"line":7,"column":null}},"1":{"start":{"line":8,"column":18},"end":{"line":8,"column":null}},"2":{"start":{"line":9,"column":21},"end":{"line":9,"column":null}},"3":{"start":{"line":10,"column":22},"end":{"line":10,"column":null}},"4":{"start":{"line":12,"column":2},"end":{"line":20,"column":null}},"5":{"start":{"line":13,"column":4},"end":{"line":18,"column":null}},"6":{"start":{"line":22,"column":19},"end":{"line":22,"column":null}},"7":{"start":{"line":22,"column":47},"end":{"line":22,"column":54}},"8":{"start":{"line":23,"column":19},"end":{"line":23,"column":null}},"9":{"start":{"line":24,"column":17},"end":{"line":24,"column":null}},"10":{"start":{"line":27,"column":17},"end":{"line":27,"column":null}},"11":{"start":{"line":28,"column":16},"end":{"line":28,"column":null}},"12":{"start":{"line":30,"column":2},"end":{"line":134,"column":null}},"13":{"start":{"line":40,"column":18},"end":{"line":40,"column":null}},"14":{"start":{"line":41,"column":8},"end":{"line":61,"column":null}},"15":{"start":{"line":67,"column":27},"end":{"line":67,"column":null}},"16":{"start":{"line":68,"column":18},"end":{"line":68,"column":null}},"17":{"start":{"line":69,"column":18},"end":{"line":69,"column":null}},"18":{"start":{"line":70,"column":26},"end":{"line":70,"column":null}},"19":{"start":{"line":72,"column":8},"end":{"line":131,"column":null}},"20":{"start":{"line":75,"column":32},"end":{"line":75,"column":null}},"21":{"start":{"line":76,"column":32},"end":{"line":76,"column":null}},"22":{"start":{"line":142,"column":23},"end":{"line":142,"column":null}},"23":{"start":{"line":143,"column":17},"end":{"line":143,"column":null}},"24":{"start":{"line":144,"column":8},"end":{"line":144,"column":null}},"25":{"start":{"line":145,"column":24},"end":{"line":145,"column":null}},"26":{"start":{"line":146,"column":16},"end":{"line":146,"column":null}},"27":{"start":{"line":146,"column":40},"end":{"line":146,"column":55}},"28":{"start":{"line":148,"column":2},"end":{"line":164,"column":null}},"29":{"start":{"line":149,"column":4},"end":{"line":162,"column":null}},"30":{"start":{"line":166,"column":2},"end":{"line":249,"column":null}},"31":{"start":{"line":181,"column":32},"end":{"line":181,"column":null}},"32":{"start":{"line":181,"column":71},"end":{"line":181,"column":89}},"33":{"start":{"line":182,"column":36},"end":{"line":182,"column":null}},"34":{"start":{"line":183,"column":26},"end":{"line":183,"column":null}},"35":{"start":{"line":184,"column":29},"end":{"line":184,"column":null}},"36":{"start":{"line":185,"column":29},"end":{"line":185,"column":null}},"37":{"start":{"line":186,"column":28},"end":{"line":186,"column":null}},"38":{"start":{"line":188,"column":10},"end":{"line":208,"column":null}},"39":{"start":{"line":206,"column":34},"end":{"line":206,"column":null}},"40":{"start":{"line":207,"column":34},"end":{"line":207,"column":null}},"41":{"start":{"line":263,"column":23},"end":{"line":263,"column":null}},"42":{"start":{"line":264,"column":18},"end":{"line":264,"column":null}},"43":{"start":{"line":265,"column":21},"end":{"line":265,"column":null}},"44":{"start":{"line":266,"column":22},"end":{"line":266,"column":null}},"45":{"start":{"line":268,"column":2},"end":{"line":270,"column":null}},"46":{"start":{"line":269,"column":4},"end":{"line":269,"column":null}},"47":{"start":{"line":272,"column":19},"end":{"line":272,"column":null}},"48":{"start":{"line":272,"column":47},"end":{"line":272,"column":54}},"49":{"start":{"line":273,"column":16},"end":{"line":273,"column":null}},"50":{"start":{"line":275,"column":17},"end":{"line":279,"column":null}},"51":{"start":{"line":275,"column":37},"end":{"line":279,"column":4}},"52":{"start":{"line":281,"column":19},"end":{"line":281,"column":null}},"53":{"start":{"line":281,"column":40},"end":{"line":281,"column":78}},"54":{"start":{"line":283,"column":4},"end":{"line":284,"column":null}},"55":{"start":{"line":286,"column":2},"end":{"line":401,"column":null}},"56":{"start":{"line":297,"column":18},"end":{"line":297,"column":null}},"57":{"start":{"line":298,"column":8},"end":{"line":318,"column":null}},"58":{"start":{"line":337,"column":8},"end":{"line":382,"column":null}},"59":{"start":{"line":339,"column":30},"end":{"line":339,"column":null}},"60":{"start":{"line":340,"column":30},"end":{"line":340,"column":null}},"61":{"start":{"line":387,"column":26},"end":{"line":387,"column":83}},"62":{"start":{"line":389,"column":10},"end":{"line":399,"column":null}},"63":{"start":{"line":409,"column":2},"end":{"line":409,"column":null}},"64":{"start":{"line":409,"column":32},"end":{"line":409,"column":null}},"65":{"start":{"line":411,"column":17},"end":{"line":411,"column":null}},"66":{"start":{"line":412,"column":17},"end":{"line":412,"column":null}},"67":{"start":{"line":413,"column":16},"end":{"line":413,"column":null}},"68":{"start":{"line":414,"column":16},"end":{"line":414,"column":null}},"69":{"start":{"line":416,"column":17},"end":{"line":419,"column":null}},"70":{"start":{"line":416,"column":37},"end":{"line":419,"column":4}},"71":{"start":{"line":421,"column":15},"end":{"line":421,"column":null}},"72":{"start":{"line":421,"column":36},"end":{"line":421,"column":74}},"73":{"start":{"line":423,"column":2},"end":{"line":442,"column":null}},"74":{"start":{"line":450,"column":19},"end":{"line":450,"column":null}},"75":{"start":{"line":451,"column":18},"end":{"line":451,"column":null}},"76":{"start":{"line":452,"column":20},"end":{"line":452,"column":null}},"77":{"start":{"line":454,"column":19},"end":{"line":454,"column":null}},"78":{"start":{"line":456,"column":15},"end":{"line":456,"column":null}},"79":{"start":{"line":457,"column":2},"end":{"line":465,"column":null}},"80":{"start":{"line":457,"column":15},"end":{"line":457,"column":26}},"81":{"start":{"line":458,"column":4},"end":{"line":464,"column":null}},"82":{"start":{"line":458,"column":17},"end":{"line":458,"column":20}},"83":{"start":{"line":459,"column":19},"end":{"line":459,"column":null}},"84":{"start":{"line":460,"column":6},"end":{"line":460,"column":null}},"85":{"start":{"line":461,"column":22},"end":{"line":461,"column":null}},"86":{"start":{"line":462,"column":20},"end":{"line":462,"column":null}},"87":{"start":{"line":463,"column":6},"end":{"line":463,"column":null}},"88":{"start":{"line":467,"column":8},"end":{"line":474,"column":null}},"89":{"start":{"line":468,"column":4},"end":{"line":468,"column":null}},"90":{"start":{"line":468,"column":21},"end":{"line":468,"column":null}},"91":{"start":{"line":469,"column":22},"end":{"line":469,"column":null}},"92":{"start":{"line":470,"column":4},"end":{"line":470,"column":null}},"93":{"start":{"line":470,"column":26},"end":{"line":470,"column":null}},"94":{"start":{"line":471,"column":4},"end":{"line":471,"column":null}},"95":{"start":{"line":471,"column":25},"end":{"line":471,"column":null}},"96":{"start":{"line":472,"column":4},"end":{"line":472,"column":null}},"97":{"start":{"line":472,"column":26},"end":{"line":472,"column":null}},"98":{"start":{"line":473,"column":4},"end":{"line":473,"column":null}},"99":{"start":{"line":476,"column":20},"end":{"line":476,"column":null}},"100":{"start":{"line":478,"column":2},"end":{"line":514,"column":null}},"101":{"start":{"line":484,"column":12},"end":{"line":494,"column":null}},"102":{"start":{"line":500,"column":10},"end":{"line":511,"column":null}}},"fnMap":{"0":{"name":"BarChart","decl":{"start":{"line":6,"column":16},"end":{"line":6,"column":25}},"loc":{"start":{"line":6,"column":97},"end":{"line":136,"column":null}},"line":6},"1":{"name":"(anonymous_1)","decl":{"start":{"line":22,"column":36},"end":{"line":22,"column":41}},"loc":{"start":{"line":22,"column":47},"end":{"line":22,"column":54}},"line":22},"2":{"name":"(anonymous_2)","decl":{"start":{"line":39,"column":39},"end":{"line":39,"column":43}},"loc":{"start":{"line":39,"column":52},"end":{"line":63,"column":7}},"line":39},"3":{"name":"(anonymous_3)","decl":{"start":{"line":66,"column":12},"end":{"line":66,"column":17}},"loc":{"start":{"line":66,"column":26},"end":{"line":133,"column":7}},"line":66},"4":{"name":"(anonymous_4)","decl":{"start":{"line":75,"column":12},"end":{"line":75,"column":32}},"loc":{"start":{"line":75,"column":32},"end":{"line":75,"column":null}},"line":75},"5":{"name":"(anonymous_5)","decl":{"start":{"line":76,"column":12},"end":{"line":76,"column":32}},"loc":{"start":{"line":76,"column":32},"end":{"line":76,"column":null}},"line":76},"6":{"name":"DonutChart","decl":{"start":{"line":141,"column":16},"end":{"line":141,"column":27}},"loc":{"start":{"line":141,"column":67},"end":{"line":251,"column":null}},"line":141},"7":{"name":"(anonymous_7)","decl":{"start":{"line":146,"column":21},"end":{"line":146,"column":29}},"loc":{"start":{"line":146,"column":40},"end":{"line":146,"column":55}},"line":146},"8":{"name":"(anonymous_8)","decl":{"start":{"line":180,"column":14},"end":{"line":180,"column":19}},"loc":{"start":{"line":180,"column":28},"end":{"line":210,"column":9}},"line":180},"9":{"name":"(anonymous_9)","decl":{"start":{"line":181,"column":49},"end":{"line":181,"column":57}},"loc":{"start":{"line":181,"column":71},"end":{"line":181,"column":89}},"line":181},"10":{"name":"(anonymous_10)","decl":{"start":{"line":206,"column":14},"end":{"line":206,"column":34}},"loc":{"start":{"line":206,"column":34},"end":{"line":206,"column":null}},"line":206},"11":{"name":"(anonymous_11)","decl":{"start":{"line":207,"column":14},"end":{"line":207,"column":34}},"loc":{"start":{"line":207,"column":34},"end":{"line":207,"column":null}},"line":207},"12":{"name":"AreaChart","decl":{"start":{"line":256,"column":16},"end":{"line":256,"column":26}},"loc":{"start":{"line":262,"column":3},"end":{"line":403,"column":null}},"line":262},"13":{"name":"(anonymous_13)","decl":{"start":{"line":272,"column":36},"end":{"line":272,"column":41}},"loc":{"start":{"line":272,"column":47},"end":{"line":272,"column":54}},"line":272},"14":{"name":"(anonymous_14)","decl":{"start":{"line":275,"column":22},"end":{"line":275,"column":27}},"loc":{"start":{"line":275,"column":37},"end":{"line":279,"column":4}},"line":275},"15":{"name":"(anonymous_15)","decl":{"start":{"line":281,"column":26},"end":{"line":281,"column":31}},"loc":{"start":{"line":281,"column":40},"end":{"line":281,"column":78}},"line":281},"16":{"name":"(anonymous_16)","decl":{"start":{"line":296,"column":31},"end":{"line":296,"column":36}},"loc":{"start":{"line":296,"column":47},"end":{"line":320,"column":7}},"line":296},"17":{"name":"(anonymous_17)","decl":{"start":{"line":336,"column":14},"end":{"line":336,"column":19}},"loc":{"start":{"line":337,"column":8},"end":{"line":382,"column":null}},"line":337},"18":{"name":"(anonymous_18)","decl":{"start":{"line":339,"column":10},"end":{"line":339,"column":30}},"loc":{"start":{"line":339,"column":30},"end":{"line":339,"column":null}},"line":339},"19":{"name":"(anonymous_19)","decl":{"start":{"line":340,"column":10},"end":{"line":340,"column":30}},"loc":{"start":{"line":340,"column":30},"end":{"line":340,"column":null}},"line":340},"20":{"name":"(anonymous_20)","decl":{"start":{"line":387,"column":9},"end":{"line":387,"column":17}},"loc":{"start":{"line":387,"column":26},"end":{"line":387,"column":83}},"line":387},"21":{"name":"(anonymous_21)","decl":{"start":{"line":388,"column":9},"end":{"line":388,"column":14}},"loc":{"start":{"line":389,"column":10},"end":{"line":399,"column":null}},"line":389},"22":{"name":"Sparkline","decl":{"start":{"line":408,"column":16},"end":{"line":408,"column":26}},"loc":{"start":{"line":408,"column":94},"end":{"line":444,"column":null}},"line":408},"23":{"name":"(anonymous_23)","decl":{"start":{"line":416,"column":22},"end":{"line":416,"column":27}},"loc":{"start":{"line":416,"column":37},"end":{"line":419,"column":4}},"line":416},"24":{"name":"(anonymous_24)","decl":{"start":{"line":421,"column":22},"end":{"line":421,"column":27}},"loc":{"start":{"line":421,"column":36},"end":{"line":421,"column":74}},"line":421},"25":{"name":"CalendarHeatmap","decl":{"start":{"line":449,"column":16},"end":{"line":449,"column":32}},"loc":{"start":{"line":449,"column":54},"end":{"line":516,"column":null}},"line":449},"26":{"name":"(anonymous_26)","decl":{"start":{"line":467,"column":8},"end":{"line":467,"column":20}},"loc":{"start":{"line":467,"column":30},"end":{"line":474,"column":null}},"line":467},"27":{"name":"(anonymous_27)","decl":{"start":{"line":482,"column":19},"end":{"line":482,"column":null}},"loc":{"start":{"line":484,"column":12},"end":{"line":494,"column":null}},"line":484},"28":{"name":"(anonymous_28)","decl":{"start":{"line":499,"column":14},"end":{"line":499,"column":19}},"loc":{"start":{"line":500,"column":10},"end":{"line":511,"column":null}},"line":500}},"branchMap":{"0":{"loc":{"start":{"line":6,"column":33},"end":{"line":6,"column":46}},"type":"default-arg","locations":[{"start":{"line":6,"column":41},"end":{"line":6,"column":46}}],"line":6},"1":{"loc":{"start":{"line":6,"column":46},"end":{"line":6,"column":60}},"type":"default-arg","locations":[{"start":{"line":6,"column":55},"end":{"line":6,"column":60}}],"line":6},"2":{"loc":{"start":{"line":6,"column":60},"end":{"line":6,"column":97}},"type":"default-arg","locations":[{"start":{"line":6,"column":71},"end":{"line":6,"column":97}}],"line":6},"3":{"loc":{"start":{"line":12,"column":2},"end":{"line":20,"column":null}},"type":"if","locations":[{"start":{"line":12,"column":2},"end":{"line":20,"column":null}},{"start":{},"end":{}}],"line":12},"4":{"loc":{"start":{"line":12,"column":6},"end":{"line":12,"column":34}},"type":"binary-expr","locations":[{"start":{"line":12,"column":6},"end":{"line":12,"column":15}},{"start":{"line":12,"column":15},"end":{"line":12,"column":34}}],"line":12},"5":{"loc":{"start":{"line":87,"column":23},"end":{"line":87,"column":null}},"type":"cond-expr","locations":[{"start":{"line":87,"column":35},"end":{"line":87,"column":39}},{"start":{"line":87,"column":39},"end":{"line":87,"column":null}}],"line":87},"6":{"loc":{"start":{"line":90,"column":24},"end":{"line":90,"column":null}},"type":"cond-expr","locations":[{"start":{"line":90,"column":36},"end":{"line":90,"column":73}},{"start":{"line":90,"column":73},"end":{"line":90,"column":null}}],"line":90},"7":{"loc":{"start":{"line":107,"column":13},"end":{"line":129,"column":null}},"type":"binary-expr","locations":[{"start":{"line":107,"column":13},"end":{"line":107,"column":null}},{"start":{"line":108,"column":14},"end":{"line":129,"column":null}}],"line":107},"8":{"loc":{"start":{"line":141,"column":35},"end":{"line":141,"column":47}},"type":"default-arg","locations":[{"start":{"line":141,"column":42},"end":{"line":141,"column":47}}],"line":141},"9":{"loc":{"start":{"line":141,"column":47},"end":{"line":141,"column":67}},"type":"default-arg","locations":[{"start":{"line":141,"column":61},"end":{"line":141,"column":67}}],"line":141},"10":{"loc":{"start":{"line":148,"column":2},"end":{"line":164,"column":null}},"type":"if","locations":[{"start":{"line":148,"column":2},"end":{"line":164,"column":null}},{"start":{},"end":{}}],"line":148},"11":{"loc":{"start":{"line":196,"column":27},"end":{"line":196,"column":null}},"type":"cond-expr","locations":[{"start":{"line":196,"column":39},"end":{"line":196,"column":57}},{"start":{"line":196,"column":57},"end":{"line":196,"column":null}}],"line":196},"12":{"loc":{"start":{"line":204,"column":24},"end":{"line":204,"column":null}},"type":"cond-expr","locations":[{"start":{"line":204,"column":36},"end":{"line":204,"column":72}},{"start":{"line":204,"column":72},"end":{"line":204,"column":null}}],"line":204},"13":{"loc":{"start":{"line":223,"column":9},"end":{"line":246,"column":null}},"type":"cond-expr","locations":[{"start":{"line":224,"column":10},"end":{"line":239,"column":null}},{"start":{"line":239,"column":10},"end":{"line":246,"column":null}}],"line":223},"14":{"loc":{"start":{"line":258,"column":2},"end":{"line":258,"column":null}},"type":"default-arg","locations":[{"start":{"line":258,"column":10},"end":{"line":258,"column":null}}],"line":258},"15":{"loc":{"start":{"line":259,"column":2},"end":{"line":259,"column":null}},"type":"default-arg","locations":[{"start":{"line":259,"column":11},"end":{"line":259,"column":null}}],"line":259},"16":{"loc":{"start":{"line":260,"column":2},"end":{"line":260,"column":null}},"type":"default-arg","locations":[{"start":{"line":260,"column":10},"end":{"line":260,"column":null}}],"line":260},"17":{"loc":{"start":{"line":261,"column":2},"end":{"line":261,"column":null}},"type":"default-arg","locations":[{"start":{"line":261,"column":13},"end":{"line":261,"column":null}}],"line":261},"18":{"loc":{"start":{"line":268,"column":2},"end":{"line":270,"column":null}},"type":"if","locations":[{"start":{"line":268,"column":2},"end":{"line":270,"column":null}},{"start":{},"end":{}}],"line":268},"19":{"loc":{"start":{"line":268,"column":6},"end":{"line":268,"column":34}},"type":"binary-expr","locations":[{"start":{"line":268,"column":6},"end":{"line":268,"column":15}},{"start":{"line":268,"column":15},"end":{"line":268,"column":34}}],"line":268},"20":{"loc":{"start":{"line":273,"column":30},"end":{"line":273,"column":null}},"type":"binary-expr","locations":[{"start":{"line":273,"column":30},"end":{"line":273,"column":49}},{"start":{"line":273,"column":49},"end":{"line":273,"column":null}}],"line":273},"21":{"loc":{"start":{"line":281,"column":43},"end":{"line":281,"column":63}},"type":"cond-expr","locations":[{"start":{"line":281,"column":53},"end":{"line":281,"column":59}},{"start":{"line":281,"column":59},"end":{"line":281,"column":63}}],"line":281},"22":{"loc":{"start":{"line":323,"column":7},"end":{"line":323,"column":null}},"type":"binary-expr","locations":[{"start":{"line":323,"column":7},"end":{"line":323,"column":19}},{"start":{"line":323,"column":19},"end":{"line":323,"column":null}}],"line":323},"23":{"loc":{"start":{"line":345,"column":15},"end":{"line":345,"column":null}},"type":"cond-expr","locations":[{"start":{"line":345,"column":36},"end":{"line":345,"column":40}},{"start":{"line":345,"column":40},"end":{"line":345,"column":null}}],"line":345},"24":{"loc":{"start":{"line":349,"column":11},"end":{"line":382,"column":null}},"type":"binary-expr","locations":[{"start":{"line":349,"column":11},"end":{"line":349,"column":null}},{"start":{"line":350,"column":12},"end":{"line":382,"column":null}}],"line":349},"25":{"loc":{"start":{"line":387,"column":26},"end":{"line":387,"column":83}},"type":"binary-expr","locations":[{"start":{"line":387,"column":26},"end":{"line":387,"column":47}},{"start":{"line":387,"column":47},"end":{"line":387,"column":83}}],"line":387},"26":{"loc":{"start":{"line":408,"column":34},"end":{"line":408,"column":47}},"type":"default-arg","locations":[{"start":{"line":408,"column":42},"end":{"line":408,"column":47}}],"line":408},"27":{"loc":{"start":{"line":408,"column":47},"end":{"line":408,"column":60}},"type":"default-arg","locations":[{"start":{"line":408,"column":56},"end":{"line":408,"column":60}}],"line":408},"28":{"loc":{"start":{"line":408,"column":60},"end":{"line":408,"column":94}},"type":"default-arg","locations":[{"start":{"line":408,"column":68},"end":{"line":408,"column":94}}],"line":408},"29":{"loc":{"start":{"line":409,"column":2},"end":{"line":409,"column":null}},"type":"if","locations":[{"start":{"line":409,"column":2},"end":{"line":409,"column":null}},{"start":{},"end":{}}],"line":409},"30":{"loc":{"start":{"line":409,"column":6},"end":{"line":409,"column":32}},"type":"binary-expr","locations":[{"start":{"line":409,"column":6},"end":{"line":409,"column":15}},{"start":{"line":409,"column":15},"end":{"line":409,"column":32}}],"line":409},"31":{"loc":{"start":{"line":413,"column":16},"end":{"line":413,"column":null}},"type":"binary-expr","locations":[{"start":{"line":413,"column":16},"end":{"line":413,"column":35}},{"start":{"line":413,"column":35},"end":{"line":413,"column":null}}],"line":413},"32":{"loc":{"start":{"line":421,"column":39},"end":{"line":421,"column":59}},"type":"cond-expr","locations":[{"start":{"line":421,"column":49},"end":{"line":421,"column":55}},{"start":{"line":421,"column":55},"end":{"line":421,"column":59}}],"line":421},"33":{"loc":{"start":{"line":449,"column":40},"end":{"line":449,"column":54}},"type":"default-arg","locations":[{"start":{"line":449,"column":48},"end":{"line":449,"column":54}}],"line":449},"34":{"loc":{"start":{"line":454,"column":45},"end":{"line":454,"column":55}},"type":"binary-expr","locations":[{"start":{"line":454,"column":45},"end":{"line":454,"column":53}},{"start":{"line":454,"column":53},"end":{"line":454,"column":55}}],"line":454},"35":{"loc":{"start":{"line":462,"column":20},"end":{"line":462,"column":null}},"type":"binary-expr","locations":[{"start":{"line":462,"column":20},"end":{"line":462,"column":39}},{"start":{"line":462,"column":39},"end":{"line":462,"column":null}}],"line":462},"36":{"loc":{"start":{"line":468,"column":4},"end":{"line":468,"column":null}},"type":"if","locations":[{"start":{"line":468,"column":4},"end":{"line":468,"column":null}},{"start":{},"end":{}}],"line":468},"37":{"loc":{"start":{"line":470,"column":4},"end":{"line":470,"column":null}},"type":"if","locations":[{"start":{"line":470,"column":4},"end":{"line":470,"column":null}},{"start":{},"end":{}}],"line":470},"38":{"loc":{"start":{"line":471,"column":4},"end":{"line":471,"column":null}},"type":"if","locations":[{"start":{"line":471,"column":4},"end":{"line":471,"column":null}},{"start":{},"end":{}}],"line":471},"39":{"loc":{"start":{"line":472,"column":4},"end":{"line":472,"column":null}},"type":"if","locations":[{"start":{"line":472,"column":4},"end":{"line":472,"column":null}},{"start":{},"end":{}}],"line":472},"40":{"loc":{"start":{"line":484,"column":12},"end":{"line":494,"column":null}},"type":"binary-expr","locations":[{"start":{"line":484,"column":12},"end":{"line":484,"column":null}},{"start":{"line":485,"column":14},"end":{"line":494,"column":null}}],"line":484}},"s":{"0":2,"1":2,"2":2,"3":2,"4":2,"5":0,"6":2,"7":10,"8":2,"9":2,"10":2,"11":2,"12":2,"13":12,"14":12,"15":10,"16":10,"17":10,"18":10,"19":10,"20":0,"21":0,"22":2,"23":2,"24":2,"25":2,"26":2,"27":1,"28":2,"29":1,"30":1,"31":1,"32":0,"33":1,"34":1,"35":1,"36":1,"37":1,"38":1,"39":0,"40":0,"41":2,"42":2,"43":2,"44":2,"45":2,"46":0,"47":2,"48":32,"49":2,"50":2,"51":32,"52":2,"53":32,"54":2,"55":2,"56":10,"57":10,"58":32,"59":0,"60":0,"61":32,"62":10,"63":2,"64":0,"65":2,"66":2,"67":2,"68":2,"69":2,"70":18,"71":2,"72":18,"73":2,"74":0,"75":0,"76":0,"77":0,"78":0,"79":0,"80":0,"81":0,"82":0,"83":0,"84":0,"85":0,"86":0,"87":0,"88":0,"89":0,"90":0,"91":0,"92":0,"93":0,"94":0,"95":0,"96":0,"97":0,"98":0,"99":0,"100":0,"101":0,"102":0},"f":{"0":2,"1":10,"2":12,"3":10,"4":0,"5":0,"6":2,"7":1,"8":1,"9":0,"10":0,"11":0,"12":2,"13":32,"14":32,"15":32,"16":10,"17":32,"18":0,"19":0,"20":32,"21":10,"22":2,"23":18,"24":18,"25":0,"26":0,"27":0,"28":0},"b":{"0":[2],"1":[2],"2":[2],"3":[0,2],"4":[2,2],"5":[0,10],"6":[0,10],"7":[10,0],"8":[2],"9":[2],"10":[1,1],"11":[0,1],"12":[0,1],"13":[0,1],"14":[2],"15":[2],"16":[2],"17":[2],"18":[0,2],"19":[2,2],"20":[2,0],"21":[2,30],"22":[2,2],"23":[0,32],"24":[32,0],"25":[32,30],"26":[2],"27":[2],"28":[2],"29":[0,2],"30":[2,2],"31":[2,0],"32":[2,16],"33":[0],"34":[0,0],"35":[0,0],"36":[0,0],"37":[0,0],"38":[0,0],"39":[0,0],"40":[0,0]},"meta":{"lastBranch":41,"lastFunction":29,"lastStatement":103,"seen":{"f:6:16:6:25":0,"b:6:41:6:46":0,"b:6:55:6:60":1,"b:6:71:6:97":2,"s:7:23:7:Infinity":0,"s:8:18:8:Infinity":1,"s:9:21:9:Infinity":2,"s:10:22:10:Infinity":3,"b:12:2:20:Infinity:undefined:undefined:undefined:undefined":3,"s:12:2:20:Infinity":4,"b:12:6:12:15:12:15:12:34":4,"s:13:4:18:Infinity":5,"s:22:19:22:Infinity":6,"f:22:36:22:41":1,"s:22:47:22:54":7,"s:23:19:23:Infinity":8,"s:24:17:24:Infinity":9,"s:27:17:27:Infinity":10,"s:28:16:28:Infinity":11,"s:30:2:134:Infinity":12,"f:39:39:39:43":2,"s:40:18:40:Infinity":13,"s:41:8:61:Infinity":14,"f:66:12:66:17":3,"s:67:27:67:Infinity":15,"s:68:18:68:Infinity":16,"s:69:18:69:Infinity":17,"s:70:26:70:Infinity":18,"s:72:8:131:Infinity":19,"f:75:12:75:32":4,"s:75:32:75:Infinity":20,"f:76:12:76:32":5,"s:76:32:76:Infinity":21,"b:87:35:87:39:87:39:87:Infinity":5,"b:90:36:90:73:90:73:90:Infinity":6,"b:107:13:107:Infinity:108:14:129:Infinity":7,"f:141:16:141:27":6,"b:141:42:141:47":8,"b:141:61:141:67":9,"s:142:23:142:Infinity":22,"s:143:17:143:Infinity":23,"s:144:8:144:Infinity":24,"s:145:24:145:Infinity":25,"s:146:16:146:Infinity":26,"f:146:21:146:29":7,"s:146:40:146:55":27,"b:148:2:164:Infinity:undefined:undefined:undefined:undefined":10,"s:148:2:164:Infinity":28,"s:149:4:162:Infinity":29,"s:166:2:249:Infinity":30,"f:180:14:180:19":8,"s:181:32:181:Infinity":31,"f:181:49:181:57":9,"s:181:71:181:89":32,"s:182:36:182:Infinity":33,"s:183:26:183:Infinity":34,"s:184:29:184:Infinity":35,"s:185:29:185:Infinity":36,"s:186:28:186:Infinity":37,"s:188:10:208:Infinity":38,"b:196:39:196:57:196:57:196:Infinity":11,"b:204:36:204:72:204:72:204:Infinity":12,"f:206:14:206:34":10,"s:206:34:206:Infinity":39,"f:207:14:207:34":11,"s:207:34:207:Infinity":40,"b:224:10:239:Infinity:239:10:246:Infinity":13,"f:256:16:256:26":12,"b:258:10:258:Infinity":14,"b:259:11:259:Infinity":15,"b:260:10:260:Infinity":16,"b:261:13:261:Infinity":17,"s:263:23:263:Infinity":41,"s:264:18:264:Infinity":42,"s:265:21:265:Infinity":43,"s:266:22:266:Infinity":44,"b:268:2:270:Infinity:undefined:undefined:undefined:undefined":18,"s:268:2:270:Infinity":45,"b:268:6:268:15:268:15:268:34":19,"s:269:4:269:Infinity":46,"s:272:19:272:Infinity":47,"f:272:36:272:41":13,"s:272:47:272:54":48,"s:273:16:273:Infinity":49,"b:273:30:273:49:273:49:273:Infinity":20,"s:275:17:279:Infinity":50,"f:275:22:275:27":14,"s:275:37:279:4":51,"s:281:19:281:Infinity":52,"f:281:26:281:31":15,"s:281:40:281:78":53,"b:281:53:281:59:281:59:281:63":21,"s:283:4:284:Infinity":54,"s:286:2:401:Infinity":55,"f:296:31:296:36":16,"s:297:18:297:Infinity":56,"s:298:8:318:Infinity":57,"b:323:7:323:19:323:19:323:Infinity":22,"f:336:14:336:19":17,"s:337:8:382:Infinity":58,"f:339:10:339:30":18,"s:339:30:339:Infinity":59,"f:340:10:340:30":19,"s:340:30:340:Infinity":60,"b:345:36:345:40:345:40:345:Infinity":23,"b:349:11:349:Infinity:350:12:382:Infinity":24,"f:387:9:387:17":20,"s:387:26:387:83":61,"b:387:26:387:47:387:47:387:83":25,"f:388:9:388:14":21,"s:389:10:399:Infinity":62,"f:408:16:408:26":22,"b:408:42:408:47":26,"b:408:56:408:60":27,"b:408:68:408:94":28,"b:409:2:409:Infinity:undefined:undefined:undefined:undefined":29,"s:409:2:409:Infinity":63,"b:409:6:409:15:409:15:409:32":30,"s:409:32:409:Infinity":64,"s:411:17:411:Infinity":65,"s:412:17:412:Infinity":66,"s:413:16:413:Infinity":67,"b:413:16:413:35:413:35:413:Infinity":31,"s:414:16:414:Infinity":68,"s:416:17:419:Infinity":69,"f:416:22:416:27":23,"s:416:37:419:4":70,"s:421:15:421:Infinity":71,"f:421:22:421:27":24,"s:421:36:421:74":72,"b:421:49:421:55:421:55:421:59":32,"s:423:2:442:Infinity":73,"f:449:16:449:32":25,"b:449:48:449:54":33,"s:450:19:450:Infinity":74,"s:451:18:451:Infinity":75,"s:452:20:452:Infinity":76,"s:454:19:454:Infinity":77,"b:454:45:454:53:454:53:454:55":34,"s:456:15:456:Infinity":78,"s:457:2:465:Infinity":79,"s:457:15:457:26":80,"s:458:4:464:Infinity":81,"s:458:17:458:20":82,"s:459:19:459:Infinity":83,"s:460:6:460:Infinity":84,"s:461:22:461:Infinity":85,"s:462:20:462:Infinity":86,"b:462:20:462:39:462:39:462:Infinity":35,"s:463:6:463:Infinity":87,"s:467:8:474:Infinity":88,"f:467:8:467:20":26,"b:468:4:468:Infinity:undefined:undefined:undefined:undefined":36,"s:468:4:468:Infinity":89,"s:468:21:468:Infinity":90,"s:469:22:469:Infinity":91,"b:470:4:470:Infinity:undefined:undefined:undefined:undefined":37,"s:470:4:470:Infinity":92,"s:470:26:470:Infinity":93,"b:471:4:471:Infinity:undefined:undefined:undefined:undefined":38,"s:471:4:471:Infinity":94,"s:471:25:471:Infinity":95,"b:472:4:472:Infinity:undefined:undefined:undefined:undefined":39,"s:472:4:472:Infinity":96,"s:472:26:472:Infinity":97,"s:473:4:473:Infinity":98,"s:476:20:476:Infinity":99,"s:478:2:514:Infinity":100,"f:482:19:482:Infinity":27,"s:484:12:494:Infinity":101,"b:484:12:484:Infinity:485:14:494:Infinity":40,"f:499:14:499:19":28,"s:500:10:511:Infinity":102},"fnNames":{}}}
,"C:\\Users\\my359\\Desktop\\challenge3 virtual promt war\\src\\components\\EcoScoreRing.jsx": {"path":"C:\\Users\\my359\\Desktop\\challenge3 virtual promt war\\src\\components\\EcoScoreRing.jsx","statementMap":{"0":{"start":{"line":4,"column":24},"end":{"line":4,"column":null}},"1":{"start":{"line":5,"column":22},"end":{"line":5,"column":null}},"2":{"start":{"line":6,"column":8},"end":{"line":6,"column":null}},"3":{"start":{"line":7,"column":24},"end":{"line":7,"column":null}},"4":{"start":{"line":8,"column":17},"end":{"line":8,"column":null}},"5":{"start":{"line":10,"column":2},"end":{"line":26,"column":null}},"6":{"start":{"line":11,"column":16},"end":{"line":11,"column":null}},"7":{"start":{"line":12,"column":21},"end":{"line":12,"column":null}},"8":{"start":{"line":13,"column":22},"end":{"line":13,"column":null}},"9":{"start":{"line":16,"column":22},"end":{"line":16,"column":null}},"10":{"start":{"line":17,"column":23},"end":{"line":17,"column":null}},"11":{"start":{"line":19,"column":20},"end":{"line":19,"column":null}},"12":{"start":{"line":20,"column":6},"end":{"line":20,"column":null}},"13":{"start":{"line":21,"column":6},"end":{"line":21,"column":null}},"14":{"start":{"line":22,"column":6},"end":{"line":22,"column":null}},"15":{"start":{"line":22,"column":24},"end":{"line":22,"column":null}},"16":{"start":{"line":25,"column":4},"end":{"line":25,"column":null}},"17":{"start":{"line":28,"column":2},"end":{"line":79,"column":null}}},"fnMap":{"0":{"name":"EcoScoreRing","decl":{"start":{"line":3,"column":24},"end":{"line":3,"column":37}},"loc":{"start":{"line":3,"column":81},"end":{"line":81,"column":null}},"line":3},"1":{"name":"(anonymous_1)","decl":{"start":{"line":10,"column":2},"end":{"line":10,"column":18}},"loc":{"start":{"line":10,"column":18},"end":{"line":26,"column":5}},"line":10},"2":{"name":"animate","decl":{"start":{"line":15,"column":13},"end":{"line":15,"column":21}},"loc":{"start":{"line":15,"column":26},"end":{"line":23,"column":null}},"line":15}},"branchMap":{"0":{"loc":{"start":{"line":3,"column":67},"end":{"line":3,"column":81}},"type":"default-arg","locations":[{"start":{"line":3,"column":74},"end":{"line":3,"column":81}}],"line":3},"1":{"loc":{"start":{"line":22,"column":6},"end":{"line":22,"column":null}},"type":"if","locations":[{"start":{"line":22,"column":6},"end":{"line":22,"column":null}},{"start":{},"end":{}}],"line":22}},"s":{"0":5,"1":5,"2":5,"3":5,"4":5,"5":5,"6":3,"7":3,"8":3,"9":3,"10":3,"11":3,"12":3,"13":3,"14":3,"15":1,"16":3,"17":5},"f":{"0":5,"1":3,"2":3},"b":{"0":[5],"1":[1,2]},"meta":{"lastBranch":2,"lastFunction":3,"lastStatement":18,"seen":{"f:3:24:3:37":0,"b:3:74:3:81":0,"s:4:24:4:Infinity":0,"s:5:22:5:Infinity":1,"s:6:8:6:Infinity":2,"s:7:24:7:Infinity":3,"s:8:17:8:Infinity":4,"s:10:2:26:Infinity":5,"f:10:2:10:18":1,"s:11:16:11:Infinity":6,"s:12:21:12:Infinity":7,"s:13:22:13:Infinity":8,"f:15:13:15:21":2,"s:16:22:16:Infinity":9,"s:17:23:17:Infinity":10,"s:19:20:19:Infinity":11,"s:20:6:20:Infinity":12,"s:21:6:21:Infinity":13,"b:22:6:22:Infinity:undefined:undefined:undefined:undefined":1,"s:22:6:22:Infinity":14,"s:22:24:22:Infinity":15,"s:25:4:25:Infinity":16,"s:28:2:79:Infinity":17},"fnNames":{}}}
,"C:\\Users\\my359\\Desktop\\challenge3 virtual promt war\\src\\components\\MobileHeader.jsx": {"path":"C:\\Users\\my359\\Desktop\\challenge3 virtual promt war\\src\\components\\MobileHeader.jsx","statementMap":{"0":{"start":{"line":3,"column":2},"end":{"line":15,"column":null}}},"fnMap":{"0":{"name":"MobileHeader","decl":{"start":{"line":2,"column":24},"end":{"line":2,"column":37}},"loc":{"start":{"line":2,"column":54},"end":{"line":17,"column":null}},"line":2}},"branchMap":{},"s":{"0":2},"f":{"0":2},"b":{},"meta":{"lastBranch":0,"lastFunction":1,"lastStatement":1,"seen":{"f:2:24:2:37":0,"s:3:2:15:Infinity":0},"fnNames":{}}}
,"C:\\Users\\my359\\Desktop\\challenge3 virtual promt war\\src\\components\\Onboarding.jsx": {"path":"C:\\Users\\my359\\Desktop\\challenge3 virtual promt war\\src\\components\\Onboarding.jsx","statementMap":{"0":{"start":{"line":3,"column":14},"end":{"line":22,"column":null}},"1":{"start":{"line":24,"column":18},"end":{"line":31,"column":null}},"2":{"start":{"line":33,"column":21},"end":{"line":55,"column":null}},"3":{"start":{"line":58,"column":15},"end":{"line":58,"column":null}},"4":{"start":{"line":59,"column":15},"end":{"line":59,"column":null}},"5":{"start":{"line":60,"column":18},"end":{"line":60,"column":null}},"6":{"start":{"line":61,"column":15},"end":{"line":61,"column":null}},"7":{"start":{"line":63,"column":8},"end":{"line":76,"column":null}},"8":{"start":{"line":64,"column":4},"end":{"line":75,"column":null}},"9":{"start":{"line":65,"column":6},"end":{"line":65,"column":null}},"10":{"start":{"line":67,"column":6},"end":{"line":74,"column":null}},"11":{"start":{"line":78,"column":8},"end":{"line":80,"column":null}},"12":{"start":{"line":79,"column":4},"end":{"line":79,"column":null}},"13":{"start":{"line":79,"column":18},"end":{"line":79,"column":null}},"14":{"start":{"line":82,"column":21},"end":{"line":82,"column":null}},"15":{"start":{"line":84,"column":2},"end":{"line":215,"column":null}},"16":{"start":{"line":100,"column":12},"end":{"line":103,"column":null}},"17":{"start":{"line":120,"column":33},"end":{"line":120,"column":null}},"18":{"start":{"line":133,"column":33},"end":{"line":133,"column":null}},"19":{"start":{"line":136,"column":18},"end":{"line":138,"column":null}},"20":{"start":{"line":150,"column":16},"end":{"line":184,"column":null}},"21":{"start":{"line":153,"column":33},"end":{"line":153,"column":null}}},"fnMap":{"0":{"name":"Onboarding","decl":{"start":{"line":57,"column":24},"end":{"line":57,"column":35}},"loc":{"start":{"line":57,"column":51},"end":{"line":217,"column":null}},"line":57},"1":{"name":"(anonymous_1)","decl":{"start":{"line":63,"column":8},"end":{"line":63,"column":27}},"loc":{"start":{"line":63,"column":27},"end":{"line":76,"column":null}},"line":63},"2":{"name":"(anonymous_2)","decl":{"start":{"line":78,"column":8},"end":{"line":78,"column":27}},"loc":{"start":{"line":78,"column":27},"end":{"line":80,"column":null}},"line":78},"3":{"name":"(anonymous_3)","decl":{"start":{"line":99,"column":17},"end":{"line":99,"column":22}},"loc":{"start":{"line":100,"column":12},"end":{"line":103,"column":null}},"line":100},"4":{"name":"(anonymous_4)","decl":{"start":{"line":120,"column":16},"end":{"line":120,"column":27}},"loc":{"start":{"line":120,"column":33},"end":{"line":120,"column":null}},"line":120},"5":{"name":"(anonymous_5)","decl":{"start":{"line":133,"column":16},"end":{"line":133,"column":27}},"loc":{"start":{"line":133,"column":33},"end":{"line":133,"column":null}},"line":133},"6":{"name":"(anonymous_6)","decl":{"start":{"line":135,"column":27},"end":{"line":135,"column":32}},"loc":{"start":{"line":136,"column":18},"end":{"line":138,"column":null}},"line":136},"7":{"name":"(anonymous_7)","decl":{"start":{"line":149,"column":28},"end":{"line":149,"column":33}},"loc":{"start":{"line":150,"column":16},"end":{"line":184,"column":null}},"line":150},"8":{"name":"(anonymous_8)","decl":{"start":{"line":153,"column":18},"end":{"line":153,"column":33}},"loc":{"start":{"line":153,"column":33},"end":{"line":153,"column":null}},"line":153}},"branchMap":{"0":{"loc":{"start":{"line":64,"column":4},"end":{"line":75,"column":null}},"type":"if","locations":[{"start":{"line":64,"column":4},"end":{"line":75,"column":null}},{"start":{"line":66,"column":11},"end":{"line":75,"column":null}}],"line":64},"1":{"loc":{"start":{"line":68,"column":14},"end":{"line":68,"column":null}},"type":"binary-expr","locations":[{"start":{"line":68,"column":14},"end":{"line":68,"column":29}},{"start":{"line":68,"column":29},"end":{"line":68,"column":null}}],"line":68},"2":{"loc":{"start":{"line":79,"column":4},"end":{"line":79,"column":null}},"type":"if","locations":[{"start":{"line":79,"column":4},"end":{"line":79,"column":null}},{"start":{},"end":{}}],"line":79},"3":{"loc":{"start":{"line":82,"column":21},"end":{"line":82,"column":null}},"type":"binary-expr","locations":[{"start":{"line":82,"column":21},"end":{"line":82,"column":36}},{"start":{"line":82,"column":36},"end":{"line":82,"column":50}},{"start":{"line":82,"column":50},"end":{"line":82,"column":77}},{"start":{"line":82,"column":77},"end":{"line":82,"column":null}}],"line":82},"4":{"loc":{"start":{"line":102,"column":44},"end":{"line":102,"column":71}},"type":"cond-expr","locations":[{"start":{"line":102,"column":57},"end":{"line":102,"column":68}},{"start":{"line":102,"column":68},"end":{"line":102,"column":71}}],"line":102},"5":{"loc":{"start":{"line":102,"column":74},"end":{"line":102,"column":null}},"type":"cond-expr","locations":[{"start":{"line":102,"column":85},"end":{"line":102,"column":99}},{"start":{"line":102,"column":99},"end":{"line":102,"column":null}}],"line":102},"6":{"loc":{"start":{"line":108,"column":9},"end":{"line":142,"column":null}},"type":"binary-expr","locations":[{"start":{"line":108,"column":9},"end":{"line":108,"column":null}},{"start":{"line":109,"column":10},"end":{"line":142,"column":null}}],"line":108},"7":{"loc":{"start":{"line":146,"column":9},"end":{"line":187,"column":null}},"type":"binary-expr","locations":[{"start":{"line":146,"column":9},"end":{"line":146,"column":null}},{"start":{"line":147,"column":10},"end":{"line":187,"column":null}}],"line":146},"8":{"loc":{"start":{"line":157,"column":33},"end":{"line":157,"column":null}},"type":"cond-expr","locations":[{"start":{"line":157,"column":54},"end":{"line":157,"column":66}},{"start":{"line":157,"column":66},"end":{"line":157,"column":null}}],"line":157},"9":{"loc":{"start":{"line":158,"column":31},"end":{"line":158,"column":null}},"type":"cond-expr","locations":[{"start":{"line":158,"column":52},"end":{"line":158,"column":80}},{"start":{"line":158,"column":80},"end":{"line":158,"column":null}}],"line":158},"10":{"loc":{"start":{"line":169,"column":33},"end":{"line":169,"column":null}},"type":"cond-expr","locations":[{"start":{"line":169,"column":54},"end":{"line":169,"column":66}},{"start":{"line":169,"column":66},"end":{"line":169,"column":null}}],"line":169},"11":{"loc":{"start":{"line":180,"column":21},"end":{"line":181,"column":null}},"type":"binary-expr","locations":[{"start":{"line":180,"column":21},"end":{"line":180,"column":null}},{"start":{"line":181,"column":22},"end":{"line":181,"column":null}}],"line":180},"12":{"loc":{"start":{"line":199,"column":11},"end":{"line":204,"column":11}},"type":"binary-expr","locations":[{"start":{"line":199,"column":11},"end":{"line":199,"column":null}},{"start":{"line":200,"column":12},"end":{"line":204,"column":11}}],"line":199},"13":{"loc":{"start":{"line":209,"column":30},"end":{"line":209,"column":51}},"type":"cond-expr","locations":[{"start":{"line":209,"column":43},"end":{"line":209,"column":47}},{"start":{"line":209,"column":47},"end":{"line":209,"column":51}}],"line":209},"14":{"loc":{"start":{"line":211,"column":13},"end":{"line":211,"column":null}},"type":"cond-expr","locations":[{"start":{"line":211,"column":41},"end":{"line":211,"column":60}},{"start":{"line":211,"column":60},"end":{"line":211,"column":null}}],"line":211}},"s":{"0":1,"1":1,"2":1,"3":13,"4":13,"5":13,"6":13,"7":13,"8":3,"9":2,"10":1,"11":13,"12":0,"13":0,"14":13,"15":13,"16":39,"17":8,"18":0,"19":54,"20":6,"21":1},"f":{"0":13,"1":3,"2":0,"3":39,"4":8,"5":0,"6":54,"7":6,"8":1},"b":{"0":[2,1],"1":[1,0],"2":[0,0],"3":[13,11,9,3],"4":[13,26],"5":[13,26],"6":[13,9],"7":[13,2],"8":[2,4],"9":[2,4],"10":[2,4],"11":[6,2],"12":[13,11],"13":[12,1],"14":[2,11]},"meta":{"lastBranch":15,"lastFunction":9,"lastStatement":22,"seen":{"s:3:14:22:Infinity":0,"s:24:18:31:Infinity":1,"s:33:21:55:Infinity":2,"f:57:24:57:35":0,"s:58:15:58:Infinity":3,"s:59:15:59:Infinity":4,"s:60:18:60:Infinity":5,"s:61:15:61:Infinity":6,"s:63:8:76:Infinity":7,"f:63:8:63:27":1,"b:64:4:75:Infinity:66:11:75:Infinity":0,"s:64:4:75:Infinity":8,"s:65:6:65:Infinity":9,"s:67:6:74:Infinity":10,"b:68:14:68:29:68:29:68:Infinity":1,"s:78:8:80:Infinity":11,"f:78:8:78:27":2,"b:79:4:79:Infinity:undefined:undefined:undefined:undefined":2,"s:79:4:79:Infinity":12,"s:79:18:79:Infinity":13,"s:82:21:82:Infinity":14,"b:82:21:82:36:82:36:82:50:82:50:82:77:82:77:82:Infinity":3,"s:84:2:215:Infinity":15,"f:99:17:99:22":3,"s:100:12:103:Infinity":16,"b:102:57:102:68:102:68:102:71":4,"b:102:85:102:99:102:99:102:Infinity":5,"b:108:9:108:Infinity:109:10:142:Infinity":6,"f:120:16:120:27":4,"s:120:33:120:Infinity":17,"f:133:16:133:27":5,"s:133:33:133:Infinity":18,"f:135:27:135:32":6,"s:136:18:138:Infinity":19,"b:146:9:146:Infinity:147:10:187:Infinity":7,"f:149:28:149:33":7,"s:150:16:184:Infinity":20,"f:153:18:153:33":8,"s:153:33:153:Infinity":21,"b:157:54:157:66:157:66:157:Infinity":8,"b:158:52:158:80:158:80:158:Infinity":9,"b:169:54:169:66:169:66:169:Infinity":10,"b:180:21:180:Infinity:181:22:181:Infinity":11,"b:199:11:199:Infinity:200:12:204:11":12,"b:209:43:209:47:209:47:209:51":13,"b:211:41:211:60:211:60:211:Infinity":14},"fnNames":{}}}
,"C:\\Users\\my359\\Desktop\\challenge3 virtual promt war\\src\\components\\Sidebar.jsx": {"path":"C:\\Users\\my359\\Desktop\\challenge3 virtual promt war\\src\\components\\Sidebar.jsx","statementMap":{"0":{"start":{"line":10,"column":2},"end":{"line":54,"column":null}},"1":{"start":{"line":25,"column":10},"end":{"line":37,"column":null}},"2":{"start":{"line":29,"column":27},"end":{"line":29,"column":null}}},"fnMap":{"0":{"name":"Sidebar","decl":{"start":{"line":2,"column":24},"end":{"line":2,"column":32}},"loc":{"start":{"line":9,"column":3},"end":{"line":56,"column":null}},"line":9},"1":{"name":"(anonymous_1)","decl":{"start":{"line":24,"column":31},"end":{"line":24,"column":36}},"loc":{"start":{"line":25,"column":10},"end":{"line":37,"column":null}},"line":25},"2":{"name":"(anonymous_2)","decl":{"start":{"line":29,"column":12},"end":{"line":29,"column":27}},"loc":{"start":{"line":29,"column":27},"end":{"line":29,"column":null}},"line":29}},"branchMap":{"0":{"loc":{"start":{"line":12,"column":28},"end":{"line":12,"column":null}},"type":"cond-expr","locations":[{"start":{"line":12,"column":37},"end":{"line":12,"column":46}},{"start":{"line":12,"column":46},"end":{"line":12,"column":null}}],"line":12},"1":{"loc":{"start":{"line":28,"column":43},"end":{"line":28,"column":null}},"type":"cond-expr","locations":[{"start":{"line":28,"column":65},"end":{"line":28,"column":76}},{"start":{"line":28,"column":76},"end":{"line":28,"column":null}}],"line":28},"2":{"loc":{"start":{"line":30,"column":26},"end":{"line":30,"column":null}},"type":"cond-expr","locations":[{"start":{"line":30,"column":48},"end":{"line":30,"column":57}},{"start":{"line":30,"column":57},"end":{"line":30,"column":null}}],"line":30},"3":{"loc":{"start":{"line":45,"column":35},"end":{"line":45,"column":71}},"type":"cond-expr","locations":[{"start":{"line":45,"column":54},"end":{"line":45,"column":64}},{"start":{"line":45,"column":64},"end":{"line":45,"column":71}}],"line":45},"4":{"loc":{"start":{"line":49,"column":13},"end":{"line":49,"column":null}},"type":"cond-expr","locations":[{"start":{"line":49,"column":32},"end":{"line":49,"column":39}},{"start":{"line":49,"column":39},"end":{"line":49,"column":null}}],"line":49},"5":{"loc":{"start":{"line":51,"column":39},"end":{"line":51,"column":91}},"type":"cond-expr","locations":[{"start":{"line":51,"column":58},"end":{"line":51,"column":73}},{"start":{"line":51,"column":73},"end":{"line":51,"column":91}}],"line":51}},"s":{"0":3,"1":6,"2":1},"f":{"0":3,"1":6,"2":1},"b":{"0":[3,0],"1":[3,3],"2":[3,3],"3":[1,2],"4":[1,2],"5":[1,2]},"meta":{"lastBranch":6,"lastFunction":3,"lastStatement":3,"seen":{"f:2:24:2:32":0,"s:10:2:54:Infinity":0,"b:12:37:12:46:12:46:12:Infinity":0,"f:24:31:24:36":1,"s:25:10:37:Infinity":1,"b:28:65:28:76:28:76:28:Infinity":1,"f:29:12:29:27":2,"s:29:27:29:Infinity":2,"b:30:48:30:57:30:57:30:Infinity":2,"b:45:54:45:64:45:64:45:71":3,"b:49:32:49:39:49:39:49:Infinity":4,"b:51:58:51:73:51:73:51:91":5},"fnNames":{}}}
,"C:\\Users\\my359\\Desktop\\challenge3 virtual promt war\\src\\components\\ToastContainer.jsx": {"path":"C:\\Users\\my359\\Desktop\\challenge3 virtual promt war\\src\\components\\ToastContainer.jsx","statementMap":{"0":{"start":{"line":3,"column":16},"end":{"line":8,"column":null}},"1":{"start":{"line":10,"column":2},"end":{"line":10,"column":null}},"2":{"start":{"line":10,"column":27},"end":{"line":10,"column":null}},"3":{"start":{"line":12,"column":2},"end":{"line":32,"column":null}},"4":{"start":{"line":15,"column":8},"end":{"line":30,"column":null}},"5":{"start":{"line":25,"column":27},"end":{"line":25,"column":null}}},"fnMap":{"0":{"name":"ToastContainer","decl":{"start":{"line":2,"column":24},"end":{"line":2,"column":39}},"loc":{"start":{"line":2,"column":61},"end":{"line":34,"column":null}},"line":2},"1":{"name":"(anonymous_1)","decl":{"start":{"line":14,"column":14},"end":{"line":14,"column":19}},"loc":{"start":{"line":15,"column":8},"end":{"line":30,"column":null}},"line":15},"2":{"name":"(anonymous_2)","decl":{"start":{"line":25,"column":12},"end":{"line":25,"column":27}},"loc":{"start":{"line":25,"column":27},"end":{"line":25,"column":null}},"line":25}},"branchMap":{"0":{"loc":{"start":{"line":10,"column":2},"end":{"line":10,"column":null}},"type":"if","locations":[{"start":{"line":10,"column":2},"end":{"line":10,"column":null}},{"start":{},"end":{}}],"line":10},"1":{"loc":{"start":{"line":17,"column":13},"end":{"line":17,"column":null}},"type":"binary-expr","locations":[{"start":{"line":17,"column":13},"end":{"line":17,"column":34}},{"start":{"line":17,"column":34},"end":{"line":17,"column":null}}],"line":17},"2":{"loc":{"start":{"line":21,"column":13},"end":{"line":22,"column":null}},"type":"binary-expr","locations":[{"start":{"line":21,"column":13},"end":{"line":21,"column":30}},{"start":{"line":21,"column":30},"end":{"line":22,"column":null}}],"line":21}},"s":{"0":0,"1":0,"2":0,"3":0,"4":0,"5":0},"f":{"0":0,"1":0,"2":0},"b":{"0":[0,0],"1":[0,0],"2":[0,0]},"meta":{"lastBranch":3,"lastFunction":3,"lastStatement":6,"seen":{"f:2:24:2:39":0,"s:3:16:8:Infinity":0,"b:10:2:10:Infinity:undefined:undefined:undefined:undefined":0,"s:10:2:10:Infinity":1,"s:10:27:10:Infinity":2,"s:12:2:32:Infinity":3,"f:14:14:14:19":1,"s:15:8:30:Infinity":4,"b:17:13:17:34:17:34:17:Infinity":1,"b:21:13:21:30:21:30:22:Infinity":2,"f:25:12:25:27":2,"s:25:27:25:Infinity":5},"fnNames":{}}}
,"C:\\Users\\my359\\Desktop\\challenge3 virtual promt war\\src\\data\\emissionFactors.js": {"path":"C:\\Users\\my359\\Desktop\\challenge3 virtual promt war\\src\\data\\emissionFactors.js","statementMap":{"0":{"start":{"line":7,"column":32},"end":{"line":227,"column":null}},"1":{"start":{"line":229,"column":26},"end":{"line":261,"column":null}},"2":{"start":{"line":263,"column":31},"end":{"line":271,"column":null}},"3":{"start":{"line":275,"column":2},"end":{"line":275,"column":null}},"4":{"start":{"line":275,"column":24},"end":{"line":275,"column":null}},"5":{"start":{"line":276,"column":2},"end":{"line":276,"column":null}},"6":{"start":{"line":276,"column":24},"end":{"line":276,"column":null}},"7":{"start":{"line":277,"column":2},"end":{"line":277,"column":null}},"8":{"start":{"line":277,"column":24},"end":{"line":277,"column":null}},"9":{"start":{"line":278,"column":2},"end":{"line":278,"column":null}},"10":{"start":{"line":278,"column":24},"end":{"line":278,"column":null}},"11":{"start":{"line":279,"column":2},"end":{"line":279,"column":null}},"12":{"start":{"line":279,"column":25},"end":{"line":279,"column":null}},"13":{"start":{"line":280,"column":2},"end":{"line":280,"column":null}}},"fnMap":{"0":{"name":"getEcoRating","decl":{"start":{"line":274,"column":16},"end":{"line":274,"column":29}},"loc":{"start":{"line":274,"column":39},"end":{"line":281,"column":null}},"line":274}},"branchMap":{"0":{"loc":{"start":{"line":275,"column":2},"end":{"line":275,"column":null}},"type":"if","locations":[{"start":{"line":275,"column":2},"end":{"line":275,"column":null}},{"start":{},"end":{}}],"line":275},"1":{"loc":{"start":{"line":276,"column":2},"end":{"line":276,"column":null}},"type":"if","locations":[{"start":{"line":276,"column":2},"end":{"line":276,"column":null}},{"start":{},"end":{}}],"line":276},"2":{"loc":{"start":{"line":277,"column":2},"end":{"line":277,"column":null}},"type":"if","locations":[{"start":{"line":277,"column":2},"end":{"line":277,"column":null}},{"start":{},"end":{}}],"line":277},"3":{"loc":{"start":{"line":278,"column":2},"end":{"line":278,"column":null}},"type":"if","locations":[{"start":{"line":278,"column":2},"end":{"line":278,"column":null}},{"start":{},"end":{}}],"line":278},"4":{"loc":{"start":{"line":279,"column":2},"end":{"line":279,"column":null}},"type":"if","locations":[{"start":{"line":279,"column":2},"end":{"line":279,"column":null}},{"start":{},"end":{}}],"line":279}},"s":{"0":1,"1":1,"2":1,"3":2,"4":1,"5":1,"6":0,"7":1,"8":1,"9":1,"10":1,"11":1,"12":1,"13":1},"f":{"0":2},"b":{"0":[1,1],"1":[0,1],"2":[0,1],"3":[0,1],"4":[0,1]},"meta":{"lastBranch":5,"lastFunction":1,"lastStatement":14,"seen":{"s:7:32:227:Infinity":0,"s:229:26:261:Infinity":1,"s:263:31:271:Infinity":2,"f:274:16:274:29":0,"b:275:2:275:Infinity:undefined:undefined:undefined:undefined":0,"s:275:2:275:Infinity":3,"s:275:24:275:Infinity":4,"b:276:2:276:Infinity:undefined:undefined:undefined:undefined":1,"s:276:2:276:Infinity":5,"s:276:24:276:Infinity":6,"b:277:2:277:Infinity:undefined:undefined:undefined:undefined":2,"s:277:2:277:Infinity":7,"s:277:24:277:Infinity":8,"b:278:2:278:Infinity:undefined:undefined:undefined:undefined":3,"s:278:2:278:Infinity":9,"s:278:24:278:Infinity":10,"b:279:2:279:Infinity:undefined:undefined:undefined:undefined":4,"s:279:2:279:Infinity":11,"s:279:25:279:Infinity":12,"s:280:2:280:Infinity":13},"fnNames":{}}}
,"C:\\Users\\my359\\Desktop\\challenge3 virtual promt war\\src\\data\\tips.js": {"path":"C:\\Users\\my359\\Desktop\\challenge3 virtual promt war\\src\\data\\tips.js","statementMap":{"0":{"start":{"line":6,"column":24},"end":{"line":331,"column":null}},"1":{"start":{"line":333,"column":26},"end":{"line":454,"column":null}},"2":{"start":{"line":456,"column":28},"end":{"line":527,"column":null}},"3":{"start":{"line":533,"column":2},"end":{"line":540,"column":null}},"4":{"start":{"line":535,"column":20},"end":{"line":535,"column":null}},"5":{"start":{"line":536,"column":4},"end":{"line":539,"column":null}},"6":{"start":{"line":537,"column":21},"end":{"line":537,"column":40}},"7":{"start":{"line":538,"column":18},"end":{"line":538,"column":37}},"8":{"start":{"line":543,"column":28},"end":{"line":543,"column":null}},"9":{"start":{"line":544,"column":2},"end":{"line":547,"column":null}},"10":{"start":{"line":545,"column":4},"end":{"line":545,"column":null}},"11":{"start":{"line":545,"column":40},"end":{"line":545,"column":null}},"12":{"start":{"line":546,"column":4},"end":{"line":546,"column":null}},"13":{"start":{"line":550,"column":27},"end":{"line":552,"column":null}},"14":{"start":{"line":551,"column":28},"end":{"line":551,"column":33}},"15":{"start":{"line":552,"column":20},"end":{"line":552,"column":23}},"16":{"start":{"line":555,"column":15},"end":{"line":555,"column":null}},"17":{"start":{"line":556,"column":2},"end":{"line":561,"column":null}},"18":{"start":{"line":557,"column":4},"end":{"line":560,"column":null}},"19":{"start":{"line":558,"column":22},"end":{"line":558,"column":null}},"20":{"start":{"line":558,"column":50},"end":{"line":558,"column":84}},"21":{"start":{"line":558,"column":69},"end":{"line":558,"column":83}},"22":{"start":{"line":559,"column":6},"end":{"line":559,"column":null}},"23":{"start":{"line":563,"column":2},"end":{"line":563,"column":null}},"24":{"start":{"line":570,"column":20},"end":{"line":570,"column":null}},"25":{"start":{"line":572,"column":28},"end":{"line":572,"column":null}},"26":{"start":{"line":573,"column":2},"end":{"line":576,"column":null}},"27":{"start":{"line":574,"column":4},"end":{"line":574,"column":null}},"28":{"start":{"line":574,"column":40},"end":{"line":574,"column":null}},"29":{"start":{"line":575,"column":4},"end":{"line":575,"column":null}},"30":{"start":{"line":578,"column":2},"end":{"line":586,"column":null}},"31":{"start":{"line":579,"column":4},"end":{"line":585,"column":null}},"32":{"start":{"line":588,"column":2},"end":{"line":596,"column":null}},"33":{"start":{"line":589,"column":4},"end":{"line":595,"column":null}},"34":{"start":{"line":598,"column":2},"end":{"line":606,"column":null}},"35":{"start":{"line":599,"column":4},"end":{"line":605,"column":null}},"36":{"start":{"line":608,"column":2},"end":{"line":616,"column":null}},"37":{"start":{"line":609,"column":4},"end":{"line":615,"column":null}},"38":{"start":{"line":618,"column":2},"end":{"line":618,"column":null}}},"fnMap":{"0":{"name":"getPersonalizedTips","decl":{"start":{"line":532,"column":16},"end":{"line":532,"column":36}},"loc":{"start":{"line":532,"column":59},"end":{"line":564,"column":null}},"line":532},"1":{"name":"(anonymous_1)","decl":{"start":{"line":537,"column":7},"end":{"line":537,"column":15}},"loc":{"start":{"line":537,"column":21},"end":{"line":537,"column":40}},"line":537},"2":{"name":"(anonymous_2)","decl":{"start":{"line":538,"column":7},"end":{"line":538,"column":18}},"loc":{"start":{"line":538,"column":18},"end":{"line":538,"column":37}},"line":538},"3":{"name":"(anonymous_3)","decl":{"start":{"line":544,"column":13},"end":{"line":544,"column":22}},"loc":{"start":{"line":544,"column":28},"end":{"line":547,"column":3}},"line":544},"4":{"name":"(anonymous_4)","decl":{"start":{"line":551,"column":5},"end":{"line":551,"column":11}},"loc":{"start":{"line":551,"column":28},"end":{"line":551,"column":33}},"line":551},"5":{"name":"(anonymous_5)","decl":{"start":{"line":552,"column":5},"end":{"line":552,"column":10}},"loc":{"start":{"line":552,"column":20},"end":{"line":552,"column":23}},"line":552},"6":{"name":"(anonymous_6)","decl":{"start":{"line":558,"column":36},"end":{"line":558,"column":44}},"loc":{"start":{"line":558,"column":50},"end":{"line":558,"column":84}},"line":558},"7":{"name":"(anonymous_7)","decl":{"start":{"line":558,"column":56},"end":{"line":558,"column":62}},"loc":{"start":{"line":558,"column":69},"end":{"line":558,"column":83}},"line":558},"8":{"name":"generateWhatIfScenarios","decl":{"start":{"line":569,"column":16},"end":{"line":569,"column":40}},"loc":{"start":{"line":569,"column":52},"end":{"line":619,"column":null}},"line":569},"9":{"name":"(anonymous_9)","decl":{"start":{"line":573,"column":13},"end":{"line":573,"column":22}},"loc":{"start":{"line":573,"column":28},"end":{"line":576,"column":3}},"line":573}},"branchMap":{"0":{"loc":{"start":{"line":532,"column":48},"end":{"line":532,"column":59}},"type":"default-arg","locations":[{"start":{"line":532,"column":56},"end":{"line":532,"column":59}}],"line":532},"1":{"loc":{"start":{"line":533,"column":2},"end":{"line":540,"column":null}},"type":"if","locations":[{"start":{"line":533,"column":2},"end":{"line":540,"column":null}},{"start":{},"end":{}}],"line":533},"2":{"loc":{"start":{"line":533,"column":6},"end":{"line":533,"column":46}},"type":"binary-expr","locations":[{"start":{"line":533,"column":6},"end":{"line":533,"column":21}},{"start":{"line":533,"column":21},"end":{"line":533,"column":46}}],"line":533},"3":{"loc":{"start":{"line":545,"column":4},"end":{"line":545,"column":null}},"type":"if","locations":[{"start":{"line":545,"column":4},"end":{"line":545,"column":null}},{"start":{},"end":{}}],"line":545},"4":{"loc":{"start":{"line":557,"column":4},"end":{"line":560,"column":null}},"type":"if","locations":[{"start":{"line":557,"column":4},"end":{"line":560,"column":null}},{"start":{},"end":{}}],"line":557},"5":{"loc":{"start":{"line":574,"column":4},"end":{"line":574,"column":null}},"type":"if","locations":[{"start":{"line":574,"column":4},"end":{"line":574,"column":null}},{"start":{},"end":{}}],"line":574},"6":{"loc":{"start":{"line":578,"column":2},"end":{"line":586,"column":null}},"type":"if","locations":[{"start":{"line":578,"column":2},"end":{"line":586,"column":null}},{"start":{},"end":{}}],"line":578},"7":{"loc":{"start":{"line":588,"column":2},"end":{"line":596,"column":null}},"type":"if","locations":[{"start":{"line":588,"column":2},"end":{"line":596,"column":null}},{"start":{},"end":{}}],"line":588},"8":{"loc":{"start":{"line":598,"column":2},"end":{"line":606,"column":null}},"type":"if","locations":[{"start":{"line":598,"column":2},"end":{"line":606,"column":null}},{"start":{},"end":{}}],"line":598},"9":{"loc":{"start":{"line":608,"column":2},"end":{"line":616,"column":null}},"type":"if","locations":[{"start":{"line":608,"column":2},"end":{"line":616,"column":null}},{"start":{},"end":{}}],"line":608}},"s":{"0":1,"1":1,"2":1,"3":2,"4":2,"5":2,"6":78,"7":48,"8":0,"9":0,"10":0,"11":0,"12":0,"13":0,"14":0,"15":0,"16":0,"17":0,"18":0,"19":0,"20":0,"21":0,"22":0,"23":0,"24":1,"25":1,"26":1,"27":0,"28":0,"29":0,"30":1,"31":0,"32":1,"33":0,"34":1,"35":0,"36":1,"37":0,"38":1},"f":{"0":2,"1":78,"2":48,"3":0,"4":0,"5":0,"6":0,"7":0,"8":1,"9":0},"b":{"0":[2],"1":[2,0],"2":[2,2],"3":[0,0],"4":[0,0],"5":[0,0],"6":[0,1],"7":[0,1],"8":[0,1],"9":[0,1]},"meta":{"lastBranch":10,"lastFunction":10,"lastStatement":39,"seen":{"s:6:24:331:Infinity":0,"s:333:26:454:Infinity":1,"s:456:28:527:Infinity":2,"f:532:16:532:36":0,"b:532:56:532:59":0,"b:533:2:540:Infinity:undefined:undefined:undefined:undefined":1,"s:533:2:540:Infinity":3,"b:533:6:533:21:533:21:533:46":2,"s:535:20:535:Infinity":4,"s:536:4:539:Infinity":5,"f:537:7:537:15":1,"s:537:21:537:40":6,"f:538:7:538:18":2,"s:538:18:538:37":7,"s:543:28:543:Infinity":8,"s:544:2:547:Infinity":9,"f:544:13:544:22":3,"b:545:4:545:Infinity:undefined:undefined:undefined:undefined":3,"s:545:4:545:Infinity":10,"s:545:40:545:Infinity":11,"s:546:4:546:Infinity":12,"s:550:27:552:Infinity":13,"f:551:5:551:11":4,"s:551:28:551:33":14,"f:552:5:552:10":5,"s:552:20:552:23":15,"s:555:15:555:Infinity":16,"s:556:2:561:Infinity":17,"b:557:4:560:Infinity:undefined:undefined:undefined:undefined":4,"s:557:4:560:Infinity":18,"s:558:22:558:Infinity":19,"f:558:36:558:44":6,"s:558:50:558:84":20,"f:558:56:558:62":7,"s:558:69:558:83":21,"s:559:6:559:Infinity":22,"s:563:2:563:Infinity":23,"f:569:16:569:40":8,"s:570:20:570:Infinity":24,"s:572:28:572:Infinity":25,"s:573:2:576:Infinity":26,"f:573:13:573:22":9,"b:574:4:574:Infinity:undefined:undefined:undefined:undefined":5,"s:574:4:574:Infinity":27,"s:574:40:574:Infinity":28,"s:575:4:575:Infinity":29,"b:578:2:586:Infinity:undefined:undefined:undefined:undefined":6,"s:578:2:586:Infinity":30,"s:579:4:585:Infinity":31,"b:588:2:596:Infinity:undefined:undefined:undefined:undefined":7,"s:588:2:596:Infinity":32,"s:589:4:595:Infinity":33,"b:598:2:606:Infinity:undefined:undefined:undefined:undefined":8,"s:598:2:606:Infinity":34,"s:599:4:605:Infinity":35,"b:608:2:616:Infinity:undefined:undefined:undefined:undefined":9,"s:608:2:616:Infinity":36,"s:609:4:615:Infinity":37,"s:618:2:618:Infinity":38},"fnNames":{}}}
,"C:\\Users\\my359\\Desktop\\challenge3 virtual promt war\\src\\pages\\Assistant.jsx": {"path":"C:\\Users\\my359\\Desktop\\challenge3 virtual promt war\\src\\pages\\Assistant.jsx","statementMap":{"0":{"start":{"line":13,"column":19},"end":{"line":20,"column":null}},"1":{"start":{"line":21,"column":16},"end":{"line":21,"column":null}},"2":{"start":{"line":22,"column":19},"end":{"line":22,"column":null}},"3":{"start":{"line":23,"column":8},"end":{"line":23,"column":null}},"4":{"start":{"line":25,"column":8},"end":{"line":25,"column":null}},"5":{"start":{"line":25,"column":21},"end":{"line":25,"column":52}},"6":{"start":{"line":26,"column":8},"end":{"line":26,"column":null}},"7":{"start":{"line":26,"column":18},"end":{"line":26,"column":50}},"8":{"start":{"line":28,"column":2},"end":{"line":30,"column":null}},"9":{"start":{"line":29,"column":4},"end":{"line":29,"column":null}},"10":{"start":{"line":32,"column":23},"end":{"line":38,"column":null}},"11":{"start":{"line":40,"column":8},"end":{"line":158,"column":null}},"12":{"start":{"line":41,"column":18},"end":{"line":41,"column":null}},"13":{"start":{"line":44,"column":4},"end":{"line":70,"column":null}},"14":{"start":{"line":50,"column":6},"end":{"line":52,"column":null}},"15":{"start":{"line":51,"column":8},"end":{"line":51,"column":null}},"16":{"start":{"line":54,"column":12},"end":{"line":54,"column":null}},"17":{"start":{"line":55,"column":21},"end":{"line":55,"column":null}},"18":{"start":{"line":55,"column":70},"end":{"line":55,"column":75}},"19":{"start":{"line":56,"column":20},"end":{"line":56,"column":null}},"20":{"start":{"line":56,"column":52},"end":{"line":56,"column":63}},"21":{"start":{"line":58,"column":6},"end":{"line":60,"column":null}},"22":{"start":{"line":59,"column":8},"end":{"line":59,"column":null}},"23":{"start":{"line":62,"column":31},"end":{"line":62,"column":null}},"24":{"start":{"line":63,"column":12},"end":{"line":63,"column":null}},"25":{"start":{"line":64,"column":22},"end":{"line":64,"column":null}},"26":{"start":{"line":65,"column":29},"end":{"line":67,"column":null}},"27":{"start":{"line":69,"column":6},"end":{"line":69,"column":null}},"28":{"start":{"line":74,"column":6},"end":{"line":74,"column":null}},"29":{"start":{"line":78,"column":4},"end":{"line":90,"column":null}},"30":{"start":{"line":84,"column":28},"end":{"line":84,"column":null}},"31":{"start":{"line":85,"column":29},"end":{"line":85,"column":null}},"32":{"start":{"line":86,"column":27},"end":{"line":86,"column":null}},"33":{"start":{"line":87,"column":24},"end":{"line":87,"column":null}},"34":{"start":{"line":89,"column":6},"end":{"line":89,"column":null}},"35":{"start":{"line":93,"column":4},"end":{"line":98,"column":null}},"36":{"start":{"line":94,"column":24},"end":{"line":94,"column":null}},"37":{"start":{"line":95,"column":30},"end":{"line":95,"column":null}},"38":{"start":{"line":97,"column":6},"end":{"line":97,"column":null}},"39":{"start":{"line":101,"column":4},"end":{"line":110,"column":null}},"40":{"start":{"line":107,"column":25},"end":{"line":107,"column":null}},"41":{"start":{"line":108,"column":25},"end":{"line":108,"column":null}},"42":{"start":{"line":109,"column":6},"end":{"line":109,"column":null}},"43":{"start":{"line":113,"column":4},"end":{"line":125,"column":null}},"44":{"start":{"line":120,"column":27},"end":{"line":120,"column":null}},"45":{"start":{"line":121,"column":29},"end":{"line":121,"column":null}},"46":{"start":{"line":122,"column":26},"end":{"line":122,"column":null}},"47":{"start":{"line":124,"column":6},"end":{"line":124,"column":null}},"48":{"start":{"line":128,"column":20},"end":{"line":128,"column":null}},"49":{"start":{"line":129,"column":21},"end":{"line":129,"column":null}},"50":{"start":{"line":131,"column":4},"end":{"line":136,"column":null}},"51":{"start":{"line":132,"column":19},"end":{"line":132,"column":null}},"52":{"start":{"line":133,"column":30},"end":{"line":133,"column":null}},"53":{"start":{"line":134,"column":32},"end":{"line":134,"column":null}},"54":{"start":{"line":135,"column":6},"end":{"line":135,"column":null}},"55":{"start":{"line":138,"column":4},"end":{"line":143,"column":null}},"56":{"start":{"line":139,"column":18},"end":{"line":139,"column":null}},"57":{"start":{"line":140,"column":26},"end":{"line":140,"column":null}},"58":{"start":{"line":141,"column":30},"end":{"line":141,"column":null}},"59":{"start":{"line":142,"column":6},"end":{"line":142,"column":null}},"60":{"start":{"line":145,"column":4},"end":{"line":147,"column":null}},"61":{"start":{"line":146,"column":6},"end":{"line":146,"column":null}},"62":{"start":{"line":149,"column":4},"end":{"line":154,"column":null}},"63":{"start":{"line":150,"column":6},"end":{"line":152,"column":null}},"64":{"start":{"line":151,"column":8},"end":{"line":151,"column":null}},"65":{"start":{"line":153,"column":6},"end":{"line":153,"column":null}},"66":{"start":{"line":157,"column":4},"end":{"line":157,"column":null}},"67":{"start":{"line":160,"column":8},"end":{"line":186,"column":null}},"68":{"start":{"line":161,"column":17},"end":{"line":161,"column":null}},"69":{"start":{"line":162,"column":4},"end":{"line":162,"column":null}},"70":{"start":{"line":162,"column":22},"end":{"line":162,"column":null}},"71":{"start":{"line":164,"column":20},"end":{"line":169,"column":null}},"72":{"start":{"line":171,"column":4},"end":{"line":171,"column":null}},"73":{"start":{"line":171,"column":26},"end":{"line":171,"column":44}},"74":{"start":{"line":172,"column":4},"end":{"line":172,"column":null}},"75":{"start":{"line":173,"column":4},"end":{"line":173,"column":null}},"76":{"start":{"line":175,"column":4},"end":{"line":185,"column":null}},"77":{"start":{"line":176,"column":27},"end":{"line":176,"column":null}},"78":{"start":{"line":177,"column":27},"end":{"line":182,"column":null}},"79":{"start":{"line":183,"column":6},"end":{"line":183,"column":null}},"80":{"start":{"line":183,"column":28},"end":{"line":183,"column":51}},"81":{"start":{"line":184,"column":6},"end":{"line":184,"column":null}},"82":{"start":{"line":188,"column":2},"end":{"line":421,"column":null}},"83":{"start":{"line":224,"column":12},"end":{"line":271,"column":null}},"84":{"start":{"line":251,"column":32},"end":{"line":251,"column":null}},"85":{"start":{"line":252,"column":18},"end":{"line":257,"column":null}},"86":{"start":{"line":255,"column":24},"end":{"line":255,"column":null}},"87":{"start":{"line":337,"column":12},"end":{"line":372,"column":null}},"88":{"start":{"line":341,"column":16},"end":{"line":346,"column":null}},"89":{"start":{"line":363,"column":16},"end":{"line":363,"column":null}},"90":{"start":{"line":364,"column":16},"end":{"line":364,"column":null}},"91":{"start":{"line":367,"column":16},"end":{"line":367,"column":null}},"92":{"start":{"line":368,"column":16},"end":{"line":368,"column":null}},"93":{"start":{"line":379,"column":12},"end":{"line":379,"column":null}},"94":{"start":{"line":380,"column":12},"end":{"line":380,"column":null}},"95":{"start":{"line":394,"column":29},"end":{"line":394,"column":null}}},"fnMap":{"0":{"name":"Assistant","decl":{"start":{"line":12,"column":24},"end":{"line":12,"column":36}},"loc":{"start":{"line":12,"column":36},"end":{"line":423,"column":null}},"line":12},"1":{"name":"(anonymous_1)","decl":{"start":{"line":25,"column":21},"end":{"line":25,"column":35}},"loc":{"start":{"line":25,"column":21},"end":{"line":25,"column":52}},"line":25},"2":{"name":"(anonymous_2)","decl":{"start":{"line":26,"column":18},"end":{"line":26,"column":32}},"loc":{"start":{"line":26,"column":18},"end":{"line":26,"column":50}},"line":26},"3":{"name":"(anonymous_3)","decl":{"start":{"line":28,"column":2},"end":{"line":28,"column":18}},"loc":{"start":{"line":28,"column":18},"end":{"line":30,"column":5}},"line":28},"4":{"name":"(anonymous_4)","decl":{"start":{"line":40,"column":8},"end":{"line":40,"column":29}},"loc":{"start":{"line":40,"column":43},"end":{"line":158,"column":null}},"line":40},"5":{"name":"(anonymous_5)","decl"
[...]
:{"line":236,"column":16},"end":{"line":236,"column":37}},"loc":{"start":{"line":236,"column":57},"end":{"line":245,"column":null}},"line":236},"39":{"name":"(anonymous_39)","decl":{"start":{"line":240,"column":13},"end":{"line":240,"column":22}},"loc":{"start":{"line":240,"column":28},"end":{"line":243,"column":3}},"line":240},"40":{"name":"getDailyEmissions","decl":{"start":{"line":247,"column":16},"end":{"line":247,"column":34}},"loc":{"start":{"line":247,"column":45},"end":{"line":256,"column":null}},"line":247},"41":{"name":"(anonymous_41)","decl":{"start":{"line":252,"column":32},"end":{"line":252,"column":40}},"loc":{"start":{"line":252,"column":51},"end":{"line":252,"column":70}},"line":252},"42":{"name":"getWeeklyEmissions","decl":{"start":{"line":258,"column":16},"end":{"line":258,"column":35}},"loc":{"start":{"line":258,"column":46},"end":{"line":274,"column":null}},"line":258},"43":{"name":"exportData","decl":{"start":{"line":277,"column":16},"end":{"line":277,"column":29}},"loc":{"start":{"line":277,"column":29},"end":{"line":291,"column":null}},"line":277},"44":{"name":"importData","decl":{"start":{"line":293,"column":16},"end":{"line":293,"column":27}},"loc":{"start":{"line":293,"column":39},"end":{"line":310,"column":null}},"line":293},"45":{"name":"generateId","decl":{"start":{"line":313,"column":9},"end":{"line":313,"column":22}},"loc":{"start":{"line":313,"column":22},"end":{"line":315,"column":null}},"line":313},"46":{"name":"formatDate","decl":{"start":{"line":317,"column":16},"end":{"line":317,"column":27}},"loc":{"start":{"line":317,"column":36},"end":{"line":324,"column":null}},"line":317},"47":{"name":"formatNumber","decl":{"start":{"line":326,"column":16},"end":{"line":326,"column":29}},"loc":{"start":{"line":326,"column":48},"end":{"line":329,"column":null}},"line":326},"48":{"name":"getDateDaysAgo","decl":{"start":{"line":331,"column":16},"end":{"line":331,"column":31}},"loc":{"start":{"line":331,"column":37},"end":{"line":333,"column":null}},"line":331},"49":{"name":"getToday","decl":{"start":{"line":335,"column":16},"end":{"line":335,"column":27}},"loc":{"start":{"line":335,"column":27},"end":{"line":337,"column":null}},"line":335}},"branchMap":{"0":{"loc":{"start":{"line":12,"column":2},"end":{"line":12,"column":null}},"type":"if","locations":[{"start":{"line":12,"column":2},"end":{"line":12,"column":null}},{"start":{},"end":{}}],"line":12},"1":{"loc":{"start":{"line":21,"column":24},"end":{"line":21,"column":41}},"type":"default-arg","locations":[{"start":{"line":21,"column":35},"end":{"line":21,"column":41}}],"line":21},"2":{"loc":{"start":{"line":32,"column":29},"end":{"line":32,"column":46}},"type":"default-arg","locations":[{"start":{"line":32,"column":40},"end":{"line":32,"column":46}}],"line":32},"3":{"loc":{"start":{"line":35,"column":4},"end":{"line":35,"column":null}},"type":"if","locations":[{"start":{"line":35,"column":4},"end":{"line":35,"column":null}},{"start":{},"end":{}}],"line":35},"4":{"loc":{"start":{"line":85,"column":19},"end":{"line":85,"column":37}},"type":"binary-expr","locations":[{"start":{"line":85,"column":19},"end":{"line":85,"column":35}},{"start":{"line":85,"column":35},"end":{"line":85,"column":37}}],"line":85},"5":{"loc":{"start":{"line":86,"column":22},"end":{"line":86,"column":48}},"type":"binary-expr","locations":[{"start":{"line":86,"column":22},"end":{"line":86,"column":41}},{"start":{"line":86,"column":41},"end":{"line":86,"column":48}}],"line":86},"6":{"loc":{"start":{"line":87,"column":10},"end":{"line":87,"column":null}},"type":"binary-expr","locations":[{"start":{"line":87,"column":10},"end":{"line":87,"column":34}},{"start":{"line":87,"column":34},"end":{"line":87,"column":null}}],"line":87},"7":{"loc":{"start":{"line":88,"column":10},"end":{"line":88,"column":null}},"type":"binary-expr","locations":[{"start":{"line":88,"column":10},"end":{"line":88,"column":26}},{"start":{"line":88,"column":26},"end":{"line":88,"column":null}}],"line":88},"8":{"loc":{"start":{"line":89,"column":11},"end":{"line":89,"column":null}},"type":"binary-expr","locations":[{"start":{"line":89,"column":11},"end":{"line":89,"column":28}},{"start":{"line":89,"column":28},"end":{"line":89,"column":null}}],"line":89},"9":{"loc":{"start":{"line":90,"column":15},"end":{"line":90,"column":null}},"type":"binary-expr","locations":[{"start":{"line":90,"column":15},"end":{"line":90,"column":36}},{"start":{"line":90,"column":36},"end":{"line":90,"column":null}}],"line":90},"10":{"loc":{"start":{"line":106,"column":24},"end":{"line":106,"column":52}},"type":"binary-expr","locations":[{"start":{"line":106,"column":24},"end":{"line":106,"column":51}},{"start":{"line":106,"column":51},"end":{"line":106,"column":52}}],"line":106},"11":{"loc":{"start":{"line":107,"column":27},"end":{"line":107,"column":58}},"type":"binary-expr","locations":[{"start":{"line":107,"column":27},"end":{"line":107,"column":57}},{"start":{"line":107,"column":57},"end":{"line":107,"column":58}}],"line":107},"12":{"loc":{"start":{"line":108,"column":19},"end":{"line":108,"column":38}},"type":"binary-expr","locations":[{"start":{"line":108,"column":19},"end":{"line":108,"column":36}},{"start":{"line":108,"column":36},"end":{"line":108,"column":38}}],"line":108},"13":{"loc":{"start":{"line":109,"column":20},"end":{"line":109,"column":40}},"type":"binary-expr","locations":[{"start":{"line":109,"column":20},"end":{"line":109,"column":38}},{"start":{"line":109,"column":38},"end":{"line":109,"column":40}}],"line":109},"14":{"loc":{"start":{"line":110,"column":10},"end":{"line":110,"column":null}},"type":"binary-expr","locations":[{"start":{"line":110,"column":10},"end":{"line":110,"column":27}},{"start":{"line":110,"column":27},"end":{"line":110,"column":null}}],"line":110},"15":{"loc":{"start":{"line":111,"column":10},"end":{"line":111,"column":null}},"type":"binary-expr","locations":[{"start":{"line":111,"column":10},"end":{"line":111,"column":27}},{"start":{"line":111,"column":27},"end":{"line":111,"column":null}}],"line":111},"16":{"loc":{"start":{"line":113,"column":20},"end":{"line":113,"column":40}},"type":"binary-expr","locations":[{"start":{"line":113,"column":20},"end":{"line":113,"column":38}},{"start":{"line":113,"column":38},"end":{"line":113,"column":40}}],"line":113},"17":{"loc":{"start":{"line":131,"column":39},"end":{"line":131,"column":79}},"type":"binary-expr","locations":[{"start":{"line":131,"column":39},"end":{"line":131,"column":62}},{"start":{"line":131,"column":62},"end":{"line":131,"column":79}}],"line":131},"18":{"loc":{"start":{"line":148,"column":2},"end":{"line":159,"column":null}},"type":"if","locations":[{"start":{"line":148,"column":2},"end":{"line":159,"column":null}},{"start":{},"end":{}}],"line":148},"19":{"loc":{"start":{"line":148,"column":6},"end":{"line":148,"column":50}},"type":"binary-expr","locations":[{"start":{"line":148,"column":6},"end":{"line":148,"column":27}},{"start":{"line":148,"column":27},"end":{"line":148,"column":50}}],"line":148},"20":{"loc":{"start":{"line":149,"column":4},"end":{"line":155,"column":null}},"type":"if","locations":[{"start":{"line":149,"column":4},"end":{"line":155,"column":null}},{"start":{"line":153,"column":11},"end":{"line":155,"column":null}}],"line":149},"21":{"loc":{"start":{"line":149,"column":8},"end":{"line":149,"column":68}},"type":"binary-expr","locations":[{"start":{"line":149,"column":8},"end":{"line":149,"column":41}},{"start":{"line":149,"column":41},"end":{"line":149,"column":68}}],"line":149},"22":{"loc":{"start":{"line":150,"column":6},"end":{"line":152,"column":null}},"type":"if","locations":[{"start":{"line":150,"column":6},"end":{"line":152,"column":null}},{"start":{},"end":{}}],"line":150},"23":{"loc":{"start":{"line":169,"column":2},"end":{"line":169,"column":null}},"type":"if","locations":[{"start":{"line":169,"column":2},"end":{"line":169,"column":null}},{"start":{},"end":{}}],"line":169},"24":{"loc":{"start":{"line":183,"column":2},"end":{"line":191,"column":null}},"type":"if","locations":[{"start":{"line":183,"column":2},"end":{"line":191,"column":null}},{"start":{},"end":{}}],"line":183},"25":{"loc":{"start":{"line":185,"column":4},"end":{"line":189,"column":null}},"type":"if","locations":[{"start":{"line":185,"column":4},"end":{"line":189,"column":null}},{"start":{},"end":{}}],"line":185},"26":{"loc":{"start":{"line":216,"column":2},"end":{"line":216,"column":null}},"type":"if","locations":[{"start":{"line":216,"column":2},"end":{"line":216,"column":null}},{"start":{},"end":{}}],"line":216},"27":{"loc":{"start":{"line":237,"column":21},"end":{"line":237,"column":null}},"type":"cond-expr","locations":[{"start":{"line":237,"column":33},"end":{"line":237,"column":80}},{"start":{"line":237,"column":80},"end":{"line":237,"column":null}}],"line":237},"28":{"loc":{"start":{"line":241,"column":4},"end":{"line":241,"column":null}},"type":"if","locations":[{"start":{"line":241,"column":4},"end":{"line":241,"column":null}},{"start":{},"end":{}}],"line":241},"29":{"loc":{"start":{"line":247,"column":34},"end":{"line":247,"column":45}},"type":"default-arg","locations":[{"start":{"line":247,"column":41},"end":{"line":247,"column":45}}],"line":247},"30":{"loc":{"start":{"line":258,"column":35},"end":{"line":258,"column":46}},"type":"default-arg","locations":[{"start":{"line":258,"column":43},"end":{"line":258,"column":46}}],"line":258},"31":{"loc":{"start":{"line":296,"column":4},"end":{"line":296,"column":null}},"type":"if","locations":[{"start":{"line":296,"column":4},"end":{"line":296,"column":null}},{"start":{},"end":{}}],"line":296},"32":{"loc":{"start":{"line":298,"column":4},"end":{"line":298,"column":null}},"type":"if","locations":[{"start":{"line":298,"column":4},"end":{"line":298,"column":null}},{"start":{},"end":{}}],"line":298},"33":{"loc":{"start":{"line":299,"column":4},"end":{"line":299,"column":null}},"type":"if","locations":[{"start":{"line":299,"column":4},"end":{"line":299,"column":null}},{"start":{},"end":{}}],"line":299},"34":{"loc":{"start":{"line":300,"column":4},"end":{"line":300,"column":null}},"type":"if","locations":[{"start":{"line":300,"column":4},"end":{"line":300,"column":null}},{"start":{},"end":{}}],"line":300},"35":{"loc":{"start":{"line":301,"column":4},"end":{"line":301,"column":null}},"type":"if","locations":[{"start":{"line":301,"column":4},"end":{"line":301,"column":null}},{"start":{},"end":{}}],"line":301},"36":{"loc":{"start":{"line":302,"column":4},"end":{"line":302,"column":null}},"type":"if","locations":[{"start":{"line":302,"column":4},"end":{"line":302,"column":null}},{"start":{},"end":{}}],"line":302},"37":{"loc":{"start":{"line":303,"column":4},"end":{"line":303,"column":null}},"type":"if","locations":[{"start":{"line":303,"column":4},"end":{"line":303,"column":null}},{"start":{},"end":{}}],"line":303},"38":{"loc":{"start":{"line":326,"column":34},"end":{"line":326,"column":48}},"type":"default-arg","locations":[{"start":{"line":326,"column":45},"end":{"line":326,"column":48}}],"line":326},"39":{"loc":{"start":{"line":327,"column":2},"end":{"line":327,"column":null}},"type":"if","locations":[{"start":{"line":327,"column":2},"end":{"line":327,"column":null}},{"start":{},"end":{}}],"line":327}},"s":{"0":2,"1":32,"2":8,"3":24,"4":24,"5":24,"6":16,"7":16,"8":0,"9":92,"10":92,"11":92,"12":76,"13":16,"14":0,"15":12,"16":12,"17":12,"18":0,"19":0,"20":0,"21":0,"22":0,"23":0,"24":0,"25":0,"26":0,"27":3,"28":1,"29":74,"30":6,"31":6,"32":6,"33":6,"34":6,"35":6,"36":0,"37":0,"38":0,"39":51,"40":14,"41":11,"42":0,"43":0,"44":0,"45":10,"46":6,"47":6,"48":6,"49":6,"50":5,"51":2,"52":1,"53":3,"54":5,"55":5,"56":5,"57":1,"58":0,"59":0,"60":0,"61":0,"62":0,"63":0,"64":0,"65":0,"66":0,"67":0,"68":0,"69":0,"70":0,"71":0,"72":0,"73":0,"74":0,"75":0,"76":0,"77":0,"78":2,"79":0,"80":0,"81":0,"82":2,"83":0,"84":0,"85":0,"86":0,"87":0,"88":0,"89":0,"90":0,"91":0,"92":0,"93":8,"94":8,"95":0,"96":3,"97":3,"98":3,"99":0,"100":0,"101":0,"102":3,"103":3,"104":3,"105":3,"106":51,"107":51,"108":51,"109":2,"110":51,"111":51,"112":1,"113":1,"114":1,"115":8,"116":8,"117":8,"118":8,"119":8,"120":8,"121":1,"122":0,"123":0,"124":0,"125":0,"126":0,"127":0,"128":0,"129":0,"130":0,"131":0,"132":0,"133":0,"134":0,"135":0,"136":0,"137":0,"138":0,"139":0,"140":0,"141":0,"142":0,"143":6,"144":0,"145":0,"146":0,"147":0,"148":0,"149":6,"150":6},"f":{"0":32,"1":16,"2":92,"3":12,"4":0,"5":0,"6":0,"7":0,"8":3,"9":1,"10":74,"11":6,"12":0,"13":0,"14":51,"15":14,"16":11,"17":0,"18":0,"19":0,"20":10,"21":6,"22":1,"23":0,"24":0,"25":0,"26":0,"27":0,"28":0,"29":2,"30":0,"31":2,"32":0,"33":0,"34":0,"35":0,"36":8,"37":0,"38":3,"39":0,"40":3,"41":2,"42":1,"43":0,"44":0,"45":6,"46":0,"47":0,"48":6,"49":6},"b":{"0":[8,24],"1":[16],"2":[92],"3":[76,16],"4":[1,0],"5":[1,1],"6":[1,0],"7":[1,1],"8":[1,1],"9":[1,1],"10":[6,6],"11":[6,0],"12":[6,6],"13":[6,6],"14":[6,6],"15":[6,1],"16":[6,6],"17":[0,0],"18":[5,1],"19":[6,2],"20":[2,3],"21":[5,4],"22":[1,1],"23":[0,0],"24":[0,0],"25":[0,0],"26":[0,0],"27":[3,0],"28":[0,0],"29":[3],"30":[1],"31":[0,0],"32":[0,0],"33":[0,0],"34":[0,0],"35":[0,0],"36":[0,0],"37":[0,0],"38":[0],"39":[0,0]},"meta":{"lastBranch":40,"lastFunction":50,"lastStatement":151,"seen":{"s:6:23:6:Infinity":0,"f:11:16:11:25":0,"b:12:2:12:Infinity:undefined:undefined:undefined:undefined":0,"s:12:2:12:Infinity":1,"s:12:33:12:Infinity":2,"s:13:14:13:Infinity":3,"s:14:2:14:Infinity":4,"s:15:2:15:Infinity":5,"f:21:9:21:19":1,"b:21:35:21:41":1,"s:22:2:26:Infinity":6,"s:23:4:23:Infinity":7,"s:25:4:25:Infinity":8,"f:32:16:32:24":2,"b:32:40:32:46":2,"s:33:2:39:Infinity":9,"s:34:16:34:Infinity":10,"b:35:4:35:Infinity:undefined:undefined:undefined:undefined":3,"s:35:4:35:Infinity":11,"s:35:22:35:Infinity":12,"s:36:4:36:Infinity":13,"s:38:4:38:Infinity":14,"f:45:16:45:24":3,"s:46:2:52:Infinity":15,"s:47:4:47:Infinity":16,"s:48:4:48:Infinity":17,"s:50:4:50:Infinity":18,"s:51:4:51:Infinity":19,"f:58:16:58:27":4,"s:59:2:63:Infinity":20,"s:60:4:60:Infinity":21,"f:69:16:69:27":5,"s:70:2:75:Infinity":22,"s:71:17:71:Infinity":23,"f:71:43:71:51":6,"s:71:57:71:85":24,"s:72:4:72:Infinity":25,"f:72:9:72:18":7,"s:72:24:72:50":26,"f:79:16:79:33":8,"s:80:2:80:Infinity":27,"f:83:16:83:31":9,"s:84:2:92:Infinity":28,"b:85:19:85:35:85:35:85:37":4,"b:86:22:86:41:86:41:86:48":5,"b:87:10:87:34:87:34:87:Infinity":6,"b:88:10:88:26:88:26:88:Infinity":7,"b:89:11:89:28:89:28:89:Infinity":8,"b:90:15:90:36:90:36:90:Infinity":9,"f:96:16:96:32":10,"s:97:2:97:Infinity":29,"f:100:16:100:28":11,"s:101:21:101:Infinity":30,"s:102:22:114:Infinity":31,"b:106:24:106:51:106:51:106:52":10,"b:107:27:107:57:107:57:107:58":11,"b:108:19:108:36:108:36:108:38":12,"b:109:20:109:38:109:38:109:40":13,"b:110:10:110:27:110:27:110:Infinity":14,"b:111:10:111:27:111:27:111:Infinity":15,"b:113:20:113:38:113:38:113:40":16,"s:115:2:115:Infinity":32,"s:116:2:116:Infinity":33,"s:117:2:117:Infinity":34,"s:118:2:118:Infinity":35,"f:121:16:121:31":12,"s:122:21:122:Infinity":36,"f:122:37:122:45":13,"s:122:51:122:62":37,"s:123:2:123:Infinity":38,"f:126:16:126:36":14,"s:127:2:127:Infinity":39,"f:127:25:127:33":15,"s:127:39:127:54":40,"f:130:16:130:41":16,"s:131:2:131:Infinity":41,"f:131:25:131:33":17,"s:131:39:131:79":42,"b:131:39:131:62:131:62:131:79":17,"f:134:16:134:40":18,"s:135:2:135:Infinity":43,"f:135:25:135:33":19,"s:135:39:135:62":44,"f:139:16:139:28":20,"s:140:2:140:Infinity":45,"f:143:9:143:22":21,"s:144:17:144:Infinity":46,"s:145:16:145:Infinity":47,"s:146:20:146:Infinity":48,"b:148:2:159:Infinity:undefined:undefined:undefined:undefined":18,"s:148:2:159:Infinity":49,"b:148:6:148:27:148:27:148:50":19,"b:149:4:155:Infinity:153:11:155:Infinity":20,"s:149:4:155:Infinity":50,"b:149:8:149:41:149:41:149:68":21,"b:150:6:152:Infinity:undefined:undefined:undefined:undefined":22,"s:150:6:152:Infinity":51,"s:151:8:151:Infinity":52,"s:154:6:154:Infinity":53,"s:156:4:156:Infinity":54,"s:157:4:157:Infinity":55,"s:158:4:158:Infinity":56,"f:163:16:163:38":22,"s:164:2:164:Infinity":57,"f:167:16:167:31":23,"s:168:18:168:Infinity":58,"b:169:2:169:Infinity:undefined:undefined:undefined:undefined":23,"s:169:2:169:Infinity":59,"f:169:14:169:20":24,"s:169:26:169:47":60,"s:169:50:169:Infinity":61,"s:170:2:175:Infinity":62,"s:176:2:176:Infinity":63,"s:177:2:177:Infinity":64,"f:180:16:180:40":25,"s:181:18:181:Infinity":65,"s:182:20:182:Infinity":66,"f:182:28:182:34":26,"s:182:40:182:60":67,"b:183:2:191:Infinity:undefined:undefined:undefined:undefined":24,"s:183:2:191:Infinity":68,"s:184:4:184:Infinity":69,"b:185:4:189:Infinity:undefined:undefined:undefined:undefined":25,"s:185:4:189:Infinity":70,"s:186:6:186:Infinity":71,"s:187:6:187:Infinity":72,"s:188:6:188:Infinity":73,"s:190:4:190:Infinity":74,"f:194:16:194:32":27,"s:195:18:195:Infinity":75,"f:195:40:195:48":28,"s:195:54:195:74":76,"s:196:2:196:Infinity":77,"f:199:16:199:41":29,"s:200:2:200:Infinity":78,"f:203:9:203:31":30,"s:204:20:204:Infinity":79,"s:205:2:205:Infinity":80,"s:206:2:206:Infinity":81,"f:210:16:210:42":31,"s:211:2:211:Infinity":82,"f:214:16:214:34":32,"s:215:19:215:Infinity":83,"b:216:2:216:Infinity:undefined:undefined:undefined:undefined":26,"s:216:2:216:Infinity":84,"f:216:15:216:21":33,"s:216:27:216:50":85,"s:216:53:216:Infinity":86,"s:217:2:220:Infinity":87,"s:221:2:221:Infinity":88,"s:222:2:222:Infinity":89,"f:226:16:226:36":34,"s:227:21:227:Infinity":90,"s:228:2:228:Infinity":91,"f:228:20:228:28":35,"s:228:39:228:58":92,"f:231:16:231:37":36,"s:232:21:232:Infinity":93,"s:233:2:233:Infinity":94,"f:233:20:233:28":37,"s:233:39:233:58":95,"f:236:16:236:37":38,"s:237:21:237:Infinity":96,"b:237:33:237:80:237:80:237:Infinity":27,"s:239:20:239:Infinity":97,"s:240:2:243:Infinity":98,"f:240:13:240:22":39,"b:241:4:241:Infinity:undefined:undefined:undefined:undefined":28,"s:241:4:241:Infinity":99,"s:241:32:241:Infinity":100,"s:242:4:242:Infinity":101,"s:244:2:244:Infinity":102,"f:247:16:247:34":40,"b:247:41:247:45":29,"s:248:17:248:Infinity":103,"s:249:2:254:Infinity":104,"s:249:15:249:25":105,"s:250:17:250:Infinity":106,"s:251:26:251:Infinity":107,"s:252:18:252:Infinity":108,"f:252:32:252:40":41,"s:252:51:252:70":109,"s:253:4:253:Infinity":110,"s:255:2:255:Infinity":111,"f:258:16:258:35":42,"b:258:43:258:46":30,"s:259:17:259:Infinity":112,"s:260:2:272:Infinity":113,"s:260:15:260:26":114,"s:261:20:261:Infinity":115,"s:262:22:262:Infinity":116,"s:263:18:263:Infinity":117,"s:264:16:264:Infinity":118,"s:265:18:265:Infinity":119,"s:266:4:271:Infinity":120,"s:273:2:273:Infinity":121,"f:277:16:277:29":43,"s:278:15:289:Infinity":122,"s:290:2:290:Infinity":123,"f:293:16:293:27":44,"s:294:2:309:Infinity":124,"s:295:17:295:Infinity":125,"b:296:4:296:Infinity:undefined:undefined:undefined:undefined":31,"s:296:4:296:Infinity":126,"s:296:23:296:Infinity":127,"b:298:4:298:Infinity:undefined:undefined:undefined:undefined":32,"s:298:4:298:Infinity":128,"s:298:22:298:Infinity":129,"b:299:4:299:Infinity:undefined:undefined:undefined:undefined":33,"s:299:4:299:Infinity":130,"s:299:25:299:Infinity":131,"b:300:4:300:Infinity:undefined:undefined:undefined:undefined":34,"s:300:4:300:Infinity":132,"s:300:33:300:Infinity":133,"b:301:4:301:Infinity:undefined:undefined:undefined:undefined":35,"s:301:4:301:Infinity":134,"s:301:36:301:Infinity":135,"b:302:4:302:Infinity:undefined:undefined:undefined:undefined":36,"s:302:4:302:Infinity":136,"s:302:27:302:Infinity":137,"b:303:4:303:Infinity:undefined:undefined:undefined:undefined":37,"s:303:4:303:Infinity":138,"s:303:21:303:Infinity":139,"s:305:4:305:Infinity":140,"s:307:4:307:Infinity":141,"s:308:4:308:Infinity":142,"f:313:9:313:22":45,"s:314:2:314:Infinity":143,"f:317:16:317:27":46,"s:318:15:318:Infinity":144,"s:319:2:323:Infinity":145,"f:326:16:326:29":47,"b:326:45:326:48":38,"b:327:2:327:Infinity:undefined:undefined:undefined:undefined":39,"s:327:2:327:Infinity":146,"s:327:19:327:Infinity":147,"s:328:2:328:Infinity":148,"f:331:16:331:31":48,"s:332:2:332:Infinity":149,"f:335:16:335:27":49,"s:336:2:336:Infinity":150},"fnNames":{}}}
}
